This is pdfTeX, Version 3.14159265-2.6-1.40.21 (MiKTeX 2.9.7350) (preloaded format=pdflatex 2020.4.21)  11 NOV 2020 12:02
entering extended mode
**./LearnBeamerPresi.tex
(LearnBeamerPresi.tex
LaTeX2e <2020-02-02> patch level 5
L3 programming layer <2020-04-06>
("/Users/javahsu/Library/Application Support/MiKTeX/texmfs/install/tex/latex/be
amer/beamer.cls"
Document Class: beamer 2020/07/22 v3.59 A class for typesetting presentations

("/Users/javahsu/Library/Application Support/MiKTeX/texmfs/install/tex/latex/be
amer/beamerbasemodes.sty"
("/Users/javahsu/Library/Application Support/MiKTeX/texmfs/install/tex/latex/et
oolbox/etoolbox.sty"
Package: etoolbox 2019/09/21 v2.5h e-TeX tools for LaTeX (JAW)
\etb@tempcnta=\count167
)
\beamer@tempbox=\box45
\beamer@tempcount=\count168
\c@beamerpauses=\count169

("/Users/javahsu/Library/Application Support/MiKTeX/texmfs/install/tex/latex/be
amer/beamerbasedecode.sty"
\beamer@slideinframe=\count170
\beamer@minimum=\count171
\beamer@decode@box=\box46
)
\beamer@commentbox=\box47
\beamer@modecount=\count172
)
("/Users/javahsu/Library/Application Support/MiKTeX/texmfs/install/tex/generic/
iftex/ifpdf.sty"
Package: ifpdf 2019/10/25 v3.4 ifpdf legacy package. Use iftex instead.

("/Users/javahsu/Library/Application Support/MiKTeX/texmfs/install/tex/generic/
iftex/iftex.sty"
Package: iftex 2020/03/06 v1.0d TeX engine tests
))
\headdp=\dimen134
\footheight=\dimen135
\sidebarheight=\dimen136
\beamer@tempdim=\dimen137
\beamer@finalheight=\dimen138
\beamer@animht=\dimen139
\beamer@animdp=\dimen140
\beamer@animwd=\dimen141
\beamer@leftmargin=\dimen142
\beamer@rightmargin=\dimen143
\beamer@leftsidebar=\dimen144
\beamer@rightsidebar=\dimen145
\beamer@boxsize=\dimen146
\beamer@vboxoffset=\dimen147
\beamer@descdefault=\dimen148
\beamer@descriptionwidth=\dimen149
\beamer@lastskip=\skip47
\beamer@areabox=\box48
\beamer@animcurrent=\box49
\beamer@animshowbox=\box50
\beamer@sectionbox=\box51
\beamer@logobox=\box52
\beamer@linebox=\box53
\beamer@sectioncount=\count173
\beamer@subsubsectionmax=\count174
\beamer@subsectionmax=\count175
\beamer@sectionmax=\count176
\beamer@totalheads=\count177
\beamer@headcounter=\count178
\beamer@partstartpage=\count179
\beamer@sectionstartpage=\count180
\beamer@subsectionstartpage=\count181
\beamer@animationtempa=\count182
\beamer@animationtempb=\count183
\beamer@xpos=\count184
\beamer@ypos=\count185
\beamer@ypos@offset=\count186
\beamer@showpartnumber=\count187
\beamer@currentsubsection=\count188
\beamer@coveringdepth=\count189
\beamer@sectionadjust=\count190
\beamer@tocsectionnumber=\count191

("/Users/javahsu/Library/Application Support/MiKTeX/texmfs/install/tex/latex/be
amer/beamerbaseoptions.sty"
("/Users/javahsu/Library/Application Support/MiKTeX/texmfs/install/tex/latex/gr
aphics/keyval.sty"
Package: keyval 2014/10/28 v1.15 key=value parser (DPC)
\KV@toks@=\toks15
))
\beamer@paperwidth=\skip48
\beamer@paperheight=\skip49

("/Users/javahsu/Library/Application Support/MiKTeX/texmfs/install/tex/latex/ge
ometry/geometry.sty"
Package: geometry 2020/01/02 v5.9 Page Geometry

("/Users/javahsu/Library/Application Support/MiKTeX/texmfs/install/tex/generic/
iftex/ifvtex.sty"
Package: ifvtex 2019/10/25 v1.7 ifvtex legacy package. Use iftex instead.
)
\Gm@cnth=\count192
\Gm@cntv=\count193
\c@Gm@tempcnt=\count194
\Gm@bindingoffset=\dimen150
\Gm@wd@mp=\dimen151
\Gm@odd@mp=\dimen152
\Gm@even@mp=\dimen153
\Gm@layoutwidth=\dimen154
\Gm@layoutheight=\dimen155
\Gm@layouthoffset=\dimen156
\Gm@layoutvoffset=\dimen157
\Gm@dimlist=\toks16

("/Users/javahsu/Library/Application Support/MiKTeX/texmfs/install/tex/latex/ge
ometry/geometry.cfg"))
("/Users/javahsu/Library/Application Support/MiKTeX/texmfs/install/tex/latex/ba
se/size11.clo"
File: size11.clo 2019/12/20 v1.4l Standard LaTeX file (size option)
)
("/Users/javahsu/Library/Application Support/MiKTeX/texmfs/install/tex/latex/pg
f/basiclayer/pgfcore.sty"
("/Users/javahsu/Library/Application Support/MiKTeX/texmfs/install/tex/latex/gr
aphics/graphicx.sty"
Package: graphicx 2019/11/30 v1.2a Enhanced LaTeX Graphics (DPC,SPQR)

("/Users/javahsu/Library/Application Support/MiKTeX/texmfs/install/tex/latex/gr
aphics/graphics.sty"
Package: graphics 2019/11/30 v1.4a Standard LaTeX Graphics (DPC,SPQR)

("/Users/javahsu/Library/Application Support/MiKTeX/texmfs/install/tex/latex/gr
aphics/trig.sty"
Package: trig 2016/01/03 v1.10 sin cos tan (DPC)
)
("/Users/javahsu/Library/Application Support/MiKTeX/texmfs/install/tex/latex/gr
aphics-cfg/graphics.cfg"
File: graphics.cfg 2016/06/04 v1.11 sample graphics configuration
)
Package graphics Info: Driver file: pdftex.def on input line 105.

("/Users/javahsu/Library/Application Support/MiKTeX/texmfs/install/tex/latex/gr
aphics-def/pdftex.def"
File: pdftex.def 2018/01/08 v1.0l Graphics/color driver for pdftex
))
\Gin@req@height=\dimen158
\Gin@req@width=\dimen159
)
("/Users/javahsu/Library/Application Support/MiKTeX/texmfs/install/tex/latex/pg
f/systemlayer/pgfsys.sty"
("/Users/javahsu/Library/Application Support/MiKTeX/texmfs/install/tex/latex/pg
f/utilities/pgfrcs.sty"
("/Users/javahsu/Library/Application Support/MiKTeX/texmfs/install/tex/generic/
pgf/utilities/pgfutil-common.tex"
\pgfutil@everybye=\toks17
\pgfutil@tempdima=\dimen160
\pgfutil@tempdimb=\dimen161

("/Users/javahsu/Library/Application Support/MiKTeX/texmfs/install/tex/generic/
pgf/utilities/pgfutil-common-lists.tex"))
("/Users/javahsu/Library/Application Support/MiKTeX/texmfs/install/tex/generic/
pgf/utilities/pgfutil-latex.def"
\pgfutil@abb=\box54

("/Users/javahsu/Library/Application Support/MiKTeX/texmfs/install/tex/latex/ms
/everyshi.sty"
Package: everyshi 2001/05/15 v3.00 EveryShipout Package (MS)
))
("/Users/javahsu/Library/Application Support/MiKTeX/texmfs/install/tex/generic/
pgf/utilities/pgfrcs.code.tex"
("/Users/javahsu/Library/Application Support/MiKTeX/texmfs/install/tex/generic/
pgf/pgf.revision.tex")
Package: pgfrcs 2020/01/08 v3.1.5b (3.1.5b)
))
("/Users/javahsu/Library/Application Support/MiKTeX/texmfs/install/tex/generic/
pgf/systemlayer/pgfsys.code.tex"
Package: pgfsys 2020/01/08 v3.1.5b (3.1.5b)

("/Users/javahsu/Library/Application Support/MiKTeX/texmfs/install/tex/generic/
pgf/utilities/pgfkeys.code.tex"
\pgfkeys@pathtoks=\toks18
\pgfkeys@temptoks=\toks19

("/Users/javahsu/Library/Application Support/MiKTeX/texmfs/install/tex/generic/
pgf/utilities/pgfkeysfiltered.code.tex"
\pgfkeys@tmptoks=\toks20
))
\pgf@x=\dimen162
\pgf@y=\dimen163
\pgf@xa=\dimen164
\pgf@ya=\dimen165
\pgf@xb=\dimen166
\pgf@yb=\dimen167
\pgf@xc=\dimen168
\pgf@yc=\dimen169
\pgf@xd=\dimen170
\pgf@yd=\dimen171
\w@pgf@writea=\write3
\r@pgf@reada=\read2
\c@pgf@counta=\count195
\c@pgf@countb=\count196
\c@pgf@countc=\count197
\c@pgf@countd=\count198
\t@pgf@toka=\toks21
\t@pgf@tokb=\toks22
\t@pgf@tokc=\toks23
\pgf@sys@id@count=\count199

("/Users/javahsu/Library/Application Support/MiKTeX/texmfs/install/tex/generic/
pgf/systemlayer/pgf.cfg"
File: pgf.cfg 2020/01/08 v3.1.5b (3.1.5b)
)
Driver file for pgf: pgfsys-pdftex.def

("/Users/javahsu/Library/Application Support/MiKTeX/texmfs/install/tex/generic/
pgf/systemlayer/pgfsys-pdftex.def"
File: pgfsys-pdftex.def 2020/01/08 v3.1.5b (3.1.5b)

("/Users/javahsu/Library/Application Support/MiKTeX/texmfs/install/tex/generic/
pgf/systemlayer/pgfsys-common-pdf.def"
File: pgfsys-common-pdf.def 2020/01/08 v3.1.5b (3.1.5b)
)))
("/Users/javahsu/Library/Application Support/MiKTeX/texmfs/install/tex/generic/
pgf/systemlayer/pgfsyssoftpath.code.tex"
File: pgfsyssoftpath.code.tex 2020/01/08 v3.1.5b (3.1.5b)
\pgfsyssoftpath@smallbuffer@items=\count266
\pgfsyssoftpath@bigbuffer@items=\count267
)
("/Users/javahsu/Library/Application Support/MiKTeX/texmfs/install/tex/generic/
pgf/systemlayer/pgfsysprotocol.code.tex"
File: pgfsysprotocol.code.tex 2020/01/08 v3.1.5b (3.1.5b)
))
("/Users/javahsu/Library/Application Support/MiKTeX/texmfs/install/tex/latex/xc
olor/xcolor.sty"
Package: xcolor 2016/05/11 v2.12 LaTeX color extensions (UK)

("/Users/javahsu/Library/Application Support/MiKTeX/texmfs/install/tex/latex/gr
aphics-cfg/color.cfg"
File: color.cfg 2016/01/02 v1.6 sample color configuration
)
Package xcolor Info: Driver file: pdftex.def on input line 225.
Package xcolor Info: Model `cmy' substituted by `cmy0' on input line 1348.
Package xcolor Info: Model `hsb' substituted by `rgb' on input line 1352.
Package xcolor Info: Model `RGB' extended on input line 1364.
Package xcolor Info: Model `HTML' substituted by `rgb' on input line 1366.
Package xcolor Info: Model `Hsb' substituted by `hsb' on input line 1367.
Package xcolor Info: Model `tHsb' substituted by `hsb' on input line 1368.
Package xcolor Info: Model `HSB' substituted by `hsb' on input line 1369.
Package xcolor Info: Model `Gray' substituted by `gray' on input line 1370.
Package xcolor Info: Model `wave' substituted by `hsb' on input line 1371.
)
("/Users/javahsu/Library/Application Support/MiKTeX/texmfs/install/tex/generic/
pgf/basiclayer/pgfcore.code.tex"
Package: pgfcore 2020/01/08 v3.1.5b (3.1.5b)

("/Users/javahsu/Library/Application Support/MiKTeX/texmfs/install/tex/generic/
pgf/math/pgfmath.code.tex"
("/Users/javahsu/Library/Application Support/MiKTeX/texmfs/install/tex/generic/
pgf/math/pgfmathcalc.code.tex"
("/Users/javahsu/Library/Application Support/MiKTeX/texmfs/install/tex/generic/
pgf/math/pgfmathutil.code.tex")
("/Users/javahsu/Library/Application Support/MiKTeX/texmfs/install/tex/generic/
pgf/math/pgfmathparser.code.tex"
\pgfmath@dimen=\dimen172
\pgfmath@count=\count268
\pgfmath@box=\box55
\pgfmath@toks=\toks24
\pgfmath@stack@operand=\toks25
\pgfmath@stack@operation=\toks26
)
("/Users/javahsu/Library/Application Support/MiKTeX/texmfs/install/tex/generic/
pgf/math/pgfmathfunctions.code.tex"
("/Users/javahsu/Library/Application Support/MiKTeX/texmfs/install/tex/generic/
pgf/math/pgfmathfunctions.basic.code.tex")
("/Users/javahsu/Library/Application Support/MiKTeX/texmfs/install/tex/generic/
pgf/math/pgfmathfunctions.trigonometric.code.tex")
("/Users/javahsu/Library/Application Support/MiKTeX/texmfs/install/tex/generic/
pgf/math/pgfmathfunctions.random.code.tex")
("/Users/javahsu/Library/Application Support/MiKTeX/texmfs/install/tex/generic/
pgf/math/pgfmathfunctions.comparison.code.tex")
("/Users/javahsu/Library/Application Support/MiKTeX/texmfs/install/tex/generic/
pgf/math/pgfmathfunctions.base.code.tex")
("/Users/javahsu/Library/Application Support/MiKTeX/texmfs/install/tex/generic/
pgf/math/pgfmathfunctions.round.code.tex")
("/Users/javahsu/Library/Application Support/MiKTeX/texmfs/install/tex/generic/
pgf/math/pgfmathfunctions.misc.code.tex")
("/Users/javahsu/Library/Application Support/MiKTeX/texmfs/install/tex/generic/
pgf/math/pgfmathfunctions.integerarithmetics.code.tex")))
("/Users/javahsu/Library/Application Support/MiKTeX/texmfs/install/tex/generic/
pgf/math/pgfmathfloat.code.tex"
\c@pgfmathroundto@lastzeros=\count269
))
("/Users/javahsu/Library/Application Support/MiKTeX/texmfs/install/tex/generic/
pgf/math/pgfint.code.tex")
("/Users/javahsu/Library/Application Support/MiKTeX/texmfs/install/tex/generic/
pgf/basiclayer/pgfcorepoints.code.tex"
File: pgfcorepoints.code.tex 2020/01/08 v3.1.5b (3.1.5b)
\pgf@picminx=\dimen173
\pgf@picmaxx=\dimen174
\pgf@picminy=\dimen175
\pgf@picmaxy=\dimen176
\pgf@pathminx=\dimen177
\pgf@pathmaxx=\dimen178
\pgf@pathminy=\dimen179
\pgf@pathmaxy=\dimen180
\pgf@xx=\dimen181
\pgf@xy=\dimen182
\pgf@yx=\dimen183
\pgf@yy=\dimen184
\pgf@zx=\dimen185
\pgf@zy=\dimen186
)
("/Users/javahsu/Library/Application Support/MiKTeX/texmfs/install/tex/generic/
pgf/basiclayer/pgfcorepathconstruct.code.tex"
File: pgfcorepathconstruct.code.tex 2020/01/08 v3.1.5b (3.1.5b)
\pgf@path@lastx=\dimen187
\pgf@path@lasty=\dimen188
)
("/Users/javahsu/Library/Application Support/MiKTeX/texmfs/install/tex/generic/
pgf/basiclayer/pgfcorepathusage.code.tex"
File: pgfcorepathusage.code.tex 2020/01/08 v3.1.5b (3.1.5b)
\pgf@shorten@end@additional=\dimen189
\pgf@shorten@start@additional=\dimen190
)
("/Users/javahsu/Library/Application Support/MiKTeX/texmfs/install/tex/generic/
pgf/basiclayer/pgfcorescopes.code.tex"
File: pgfcorescopes.code.tex 2020/01/08 v3.1.5b (3.1.5b)
\pgfpic=\box56
\pgf@hbox=\box57
\pgf@layerbox@main=\box58
\pgf@picture@serial@count=\count270
)
("/Users/javahsu/Library/Application Support/MiKTeX/texmfs/install/tex/generic/
pgf/basiclayer/pgfcoregraphicstate.code.tex"
File: pgfcoregraphicstate.code.tex 2020/01/08 v3.1.5b (3.1.5b)
\pgflinewidth=\dimen191
)
("/Users/javahsu/Library/Application Support/MiKTeX/texmfs/install/tex/generic/
pgf/basiclayer/pgfcoretransformations.code.tex"
File: pgfcoretransformations.code.tex 2020/01/08 v3.1.5b (3.1.5b)
\pgf@pt@x=\dimen192
\pgf@pt@y=\dimen193
\pgf@pt@temp=\dimen194
)
("/Users/javahsu/Library/Application Support/MiKTeX/texmfs/install/tex/generic/
pgf/basiclayer/pgfcorequick.code.tex"
File: pgfcorequick.code.tex 2020/01/08 v3.1.5b (3.1.5b)
)
("/Users/javahsu/Library/Application Support/MiKTeX/texmfs/install/tex/generic/
pgf/basiclayer/pgfcoreobjects.code.tex"
File: pgfcoreobjects.code.tex 2020/01/08 v3.1.5b (3.1.5b)
)
("/Users/javahsu/Library/Application Support/MiKTeX/texmfs/install/tex/generic/
pgf/basiclayer/pgfcorepathprocessing.code.tex"
File: pgfcorepathprocessing.code.tex 2020/01/08 v3.1.5b (3.1.5b)
)
("/Users/javahsu/Library/Application Support/MiKTeX/texmfs/install/tex/generic/
pgf/basiclayer/pgfcorearrows.code.tex"
File: pgfcorearrows.code.tex 2020/01/08 v3.1.5b (3.1.5b)
\pgfarrowsep=\dimen195
)
("/Users/javahsu/Library/Application Support/MiKTeX/texmfs/install/tex/generic/
pgf/basiclayer/pgfcoreshade.code.tex"
File: pgfcoreshade.code.tex 2020/01/08 v3.1.5b (3.1.5b)
\pgf@max=\dimen196
\pgf@sys@shading@range@num=\count271
\pgf@shadingcount=\count272
)
("/Users/javahsu/Library/Application Support/MiKTeX/texmfs/install/tex/generic/
pgf/basiclayer/pgfcoreimage.code.tex"
File: pgfcoreimage.code.tex 2020/01/08 v3.1.5b (3.1.5b)

("/Users/javahsu/Library/Application Support/MiKTeX/texmfs/install/tex/generic/
pgf/basiclayer/pgfcoreexternal.code.tex"
File: pgfcoreexternal.code.tex 2020/01/08 v3.1.5b (3.1.5b)
\pgfexternal@startupbox=\box59
))
("/Users/javahsu/Library/Application Support/MiKTeX/texmfs/install/tex/generic/
pgf/basiclayer/pgfcorelayers.code.tex"
File: pgfcorelayers.code.tex 2020/01/08 v3.1.5b (3.1.5b)
)
("/Users/javahsu/Library/Application Support/MiKTeX/texmfs/install/tex/generic/
pgf/basiclayer/pgfcoretransparency.code.tex"
File: pgfcoretransparency.code.tex 2020/01/08 v3.1.5b (3.1.5b)
)
("/Users/javahsu/Library/Application Support/MiKTeX/texmfs/install/tex/generic/
pgf/basiclayer/pgfcorepatterns.code.tex"
File: pgfcorepatterns.code.tex 2020/01/08 v3.1.5b (3.1.5b)
)
("/Users/javahsu/Library/Application Support/MiKTeX/texmfs/install/tex/generic/
pgf/basiclayer/pgfcorerdf.code.tex"
File: pgfcorerdf.code.tex 2020/01/08 v3.1.5b (3.1.5b)
)))
("/Users/javahsu/Library/Application Support/MiKTeX/texmfs/install/tex/latex/pg
f/utilities/xxcolor.sty"
Package: xxcolor 2003/10/24 ver 0.1
\XC@nummixins=\count273
\XC@countmixins=\count274
)
("/Users/javahsu/Library/Application Support/MiKTeX/texmfs/install/tex/generic/
atbegshi/atbegshi.sty"
Package: atbegshi 2019/12/05 v1.19 At begin shipout hook (HO)

("/Users/javahsu/Library/Application Support/MiKTeX/texmfs/install/tex/generic/
infwarerr/infwarerr.sty"
Package: infwarerr 2019/12/03 v1.5 Providing info/warning/error messages (HO)
)
("/Users/javahsu/Library/Application Support/MiKTeX/texmfs/install/tex/generic/
ltxcmds/ltxcmds.sty"
Package: ltxcmds 2019/12/15 v1.24 LaTeX kernel commands for general use (HO)
))
("/Users/javahsu/Library/Application Support/MiKTeX/texmfs/install/tex/latex/hy
perref/hyperref.sty"
Package: hyperref 2020/01/14 v7.00d Hypertext links for LaTeX

("/Users/javahsu/Library/Application Support/MiKTeX/texmfs/install/tex/latex/pd
ftexcmds/pdftexcmds.sty"
Package: pdftexcmds 2019/11/24 v0.31 Utility functions of pdfTeX for LuaTeX (HO
)
Package pdftexcmds Info: \pdf@primitive is available.
Package pdftexcmds Info: \pdf@ifprimitive is available.
Package pdftexcmds Info: \pdfdraftmode found.
)
("/Users/javahsu/Library/Application Support/MiKTeX/texmfs/install/tex/generic/
kvsetkeys/kvsetkeys.sty"
Package: kvsetkeys 2019/12/15 v1.18 Key value parser (HO)
)
("/Users/javahsu/Library/Application Support/MiKTeX/texmfs/install/tex/generic/
kvdefinekeys/kvdefinekeys.sty"
Package: kvdefinekeys 2019-12-19 v1.6 Define keys (HO)
)
("/Users/javahsu/Library/Application Support/MiKTeX/texmfs/install/tex/generic/
pdfescape/pdfescape.sty"
Package: pdfescape 2019/12/09 v1.15 Implements pdfTeX's escape features (HO)
)
("/Users/javahsu/Library/Application Support/MiKTeX/texmfs/install/tex/latex/hy
color/hycolor.sty"
Package: hycolor 2020-01-27 v1.10 Color options for hyperref/bookmark (HO)
)
("/Users/javahsu/Library/Application Support/MiKTeX/texmfs/install/tex/latex/le
tltxmacro/letltxmacro.sty"
Package: letltxmacro 2019/12/03 v1.6 Let assignment for LaTeX macros (HO)
)
("/Users/javahsu/Library/Application Support/MiKTeX/texmfs/install/tex/latex/au
xhook/auxhook.sty"
Package: auxhook 2019-12-17 v1.6 Hooks for auxiliary files (HO)
)
("/Users/javahsu/Library/Application Support/MiKTeX/texmfs/install/tex/latex/kv
options/kvoptions.sty"
Package: kvoptions 2019/11/29 v3.13 Key value format for package options (HO)
)
\@linkdim=\dimen197
\Hy@linkcounter=\count275
\Hy@pagecounter=\count276

("/Users/javahsu/Library/Application Support/MiKTeX/texmfs/install/tex/latex/hy
perref/pd1enc.def"
File: pd1enc.def 2020/01/14 v7.00d Hyperref: PDFDocEncoding definition (HO)
Now handling font encoding PD1 ...
... no UTF-8 mapping file for font encoding PD1
)
("/Users/javahsu/Library/Application Support/MiKTeX/texmfs/install/tex/generic/
intcalc/intcalc.sty"
Package: intcalc 2019/12/15 v1.3 Expandable calculations with integers (HO)
)
("/Users/javahsu/Library/Application Support/MiKTeX/texmfs/install/tex/generic/
etexcmds/etexcmds.sty"
Package: etexcmds 2019/12/15 v1.7 Avoid name clashes with e-TeX commands (HO)
)
\Hy@SavedSpaceFactor=\count277
Package hyperref Info: Option `bookmarks' set `true' on input line 4421.
Package hyperref Info: Option `bookmarksopen' set `true' on input line 4421.
Package hyperref Info: Option `implicit' set `false' on input line 4421.
Package hyperref Info: Hyper figures OFF on input line 4547.
Package hyperref Info: Link nesting OFF on input line 4552.
Package hyperref Info: Hyper index ON on input line 4555.
Package hyperref Info: Plain pages OFF on input line 4562.
Package hyperref Info: Backreferencing OFF on input line 4567.
Package hyperref Info: Implicit mode OFF; no redefinition of LaTeX internals.
Package hyperref Info: Bookmarks ON on input line 4800.
\c@Hy@tempcnt=\count278

("/Users/javahsu/Library/Application Support/MiKTeX/texmfs/install/tex/latex/ur
l/url.sty"
\Urlmuskip=\muskip16
Package: url 2013/09/16  ver 3.4  Verb mode for urls, etc.
)
LaTeX Info: Redefining \url on input line 5159.
\XeTeXLinkMargin=\dimen198

("/Users/javahsu/Library/Application Support/MiKTeX/texmfs/install/tex/generic/
bitset/bitset.sty"
Package: bitset 2019/12/09 v1.3 Handle bit-vector datatype (HO)

("/Users/javahsu/Library/Application Support/MiKTeX/texmfs/install/tex/generic/
bigintcalc/bigintcalc.sty"
Package: bigintcalc 2019/12/15 v1.5 Expandable calculations on big integers (HO
)
))
\Fld@menulength=\count279
\Field@Width=\dimen199
\Fld@charsize=\dimen256
Package hyperref Info: Hyper figures OFF on input line 6430.
Package hyperref Info: Link nesting OFF on input line 6435.
Package hyperref Info: Hyper index ON on input line 6438.
Package hyperref Info: backreferencing OFF on input line 6445.
Package hyperref Info: Link coloring OFF on input line 6450.
Package hyperref Info: Link coloring with OCG OFF on input line 6455.
Package hyperref Info: PDF/A mode OFF on input line 6460.
LaTeX Info: Redefining \ref on input line 6500.
LaTeX Info: Redefining \pageref on input line 6504.
\Hy@abspage=\count280


Package hyperref Message: Stopped early.

)
Package hyperref Info: Driver (autodetected): hpdftex.

("/Users/javahsu/Library/Application Support/MiKTeX/texmfs/install/tex/latex/hy
perref/hpdftex.def"
File: hpdftex.def 2020/01/14 v7.00d Hyperref driver for pdfTeX

("/Users/javahsu/Library/Application Support/MiKTeX/texmfs/install/tex/latex/at
veryend/atveryend.sty"
Package: atveryend 2019-12-11 v1.11 Hooks at the very end of document (HO)
)
\Fld@listcount=\count281
\c@bookmark@seq@number=\count282

("/Users/javahsu/Library/Application Support/MiKTeX/texmfs/install/tex/latex/re
runfilecheck/rerunfilecheck.sty"
Package: rerunfilecheck 2019/12/05 v1.9 Rerun checks for auxiliary files (HO)

("/Users/javahsu/Library/Application Support/MiKTeX/texmfs/install/tex/generic/
uniquecounter/uniquecounter.sty"
Package: uniquecounter 2019/12/15 v1.4 Provide unlimited unique counter (HO)
)
Package uniquecounter Info: New unique counter `rerunfilecheck' on input line 2
86.
))
("/Users/javahsu/Library/Application Support/MiKTeX/texmfs/install/tex/latex/be
amer/beamerbaserequires.sty"
("/Users/javahsu/Library/Application Support/MiKTeX/texmfs/install/tex/latex/be
amer/beamerbasecompatibility.sty")
("/Users/javahsu/Library/Application Support/MiKTeX/texmfs/install/tex/latex/be
amer/beamerbasefont.sty"
("/Users/javahsu/Library/Application Support/MiKTeX/texmfs/install/tex/latex/am
sfonts/amssymb.sty"
Package: amssymb 2013/01/14 v3.01 AMS font symbols

("/Users/javahsu/Library/Application Support/MiKTeX/texmfs/install/tex/latex/am
sfonts/amsfonts.sty"
Package: amsfonts 2013/01/14 v3.01 Basic AMSFonts support
\@emptytoks=\toks27
\symAMSa=\mathgroup4
\symAMSb=\mathgroup5
LaTeX Font Info:    Redeclaring math symbol \hbar on input line 98.
LaTeX Font Info:    Overwriting math alphabet `\mathfrak' in version `bold'
(Font)                  U/euf/m/n --> U/euf/b/n on input line 106.
))
("/Users/javahsu/Library/Application Support/MiKTeX/texmfs/install/tex/latex/sa
nsmathaccent/sansmathaccent.sty"
Package: sansmathaccent 2020/01/31

("/Users/javahsu/Library/Application Support/MiKTeX/texmfs/install/tex/latex/ko
ma-script/scrlfile.sty"
Package: scrlfile 2020/04/19 v3.30 KOMA-Script package (loading files)
)))
("/Users/javahsu/Library/Application Support/MiKTeX/texmfs/install/tex/latex/be
amer/beamerbasetranslator.sty"
("/Users/javahsu/Library/Application Support/MiKTeX/texmfs/install/tex/latex/tr
anslator/translator.sty"
Package: translator 2019-05-31 v1.12a Easy translation of strings in LaTeX
))
("/Users/javahsu/Library/Application Support/MiKTeX/texmfs/install/tex/latex/be
amer/beamerbasemisc.sty")
("/Users/javahsu/Library/Application Support/MiKTeX/texmfs/install/tex/latex/be
amer/beamerbasetwoscreens.sty")
("/Users/javahsu/Library/Application Support/MiKTeX/texmfs/install/tex/latex/be
amer/beamerbaseoverlay.sty"
\beamer@argscount=\count283
\beamer@lastskipcover=\skip50
\beamer@trivlistdepth=\count284
)
("/Users/javahsu/Library/Application Support/MiKTeX/texmfs/install/tex/latex/be
amer/beamerbasetitle.sty")
("/Users/javahsu/Library/Application Support/MiKTeX/texmfs/install/tex/latex/be
amer/beamerbasesection.sty"
\c@lecture=\count285
\c@part=\count286
\c@section=\count287
\c@subsection=\count288
\c@subsubsection=\count289
)
("/Users/javahsu/Library/Application Support/MiKTeX/texmfs/install/tex/latex/be
amer/beamerbaseframe.sty"
\beamer@framebox=\box60
\beamer@frametitlebox=\box61
\beamer@zoombox=\box62
\beamer@zoomcount=\count290
\beamer@zoomframecount=\count291
\beamer@frametextheight=\dimen257
\c@subsectionslide=\count292
\beamer@frametopskip=\skip51
\beamer@framebottomskip=\skip52
\beamer@frametopskipautobreak=\skip53
\beamer@framebottomskipautobreak=\skip54
\beamer@envbody=\toks28
\framewidth=\dimen258
\c@framenumber=\count293
)
("/Users/javahsu/Library/Application Support/MiKTeX/texmfs/install/tex/latex/be
amer/beamerbaseverbatim.sty"
\beamer@verbatimfileout=\write4
)
("/Users/javahsu/Library/Application Support/MiKTeX/texmfs/install/tex/latex/be
amer/beamerbaseframesize.sty"
\beamer@splitbox=\box63
\beamer@autobreakcount=\count294
\beamer@autobreaklastheight=\dimen259
\beamer@frametitletoks=\toks29
\beamer@framesubtitletoks=\toks30
)
("/Users/javahsu/Library/Application Support/MiKTeX/texmfs/install/tex/latex/be
amer/beamerbaseframecomponents.sty"
\beamer@footins=\box64
)
("/Users/javahsu/Library/Application Support/MiKTeX/texmfs/install/tex/latex/be
amer/beamerbasecolor.sty")
("/Users/javahsu/Library/Application Support/MiKTeX/texmfs/install/tex/latex/be
amer/beamerbasenotes.sty"
\beamer@frameboxcopy=\box65
)
("/Users/javahsu/Library/Application Support/MiKTeX/texmfs/install/tex/latex/be
amer/beamerbasetoc.sty")
("/Users/javahsu/Library/Application Support/MiKTeX/texmfs/install/tex/latex/be
amer/beamerbasetemplates.sty"
\beamer@sbttoks=\toks31

("/Users/javahsu/Library/Application Support/MiKTeX/texmfs/install/tex/latex/be
amer/beamerbaseauxtemplates.sty"
("/Users/javahsu/Library/Application Support/MiKTeX/texmfs/install/tex/latex/be
amer/beamerbaseboxes.sty"
\bmb@box=\box66
\bmb@colorbox=\box67
\bmb@boxshadow=\box68
\bmb@boxshadowball=\box69
\bmb@boxshadowballlarge=\box70
\bmb@temp=\dimen260
\bmb@dima=\dimen261
\bmb@dimb=\dimen262
\bmb@prevheight=\dimen263
)
\beamer@blockheadheight=\dimen264
))
("/Users/javahsu/Library/Application Support/MiKTeX/texmfs/install/tex/latex/be
amer/beamerbaselocalstructure.sty"
("/Users/javahsu/Library/Application Support/MiKTeX/texmfs/install/tex/latex/to
ols/enumerate.sty"
Package: enumerate 2015/07/23 v3.00 enumerate extensions (DPC)
\@enLab=\toks32
)
\c@figure=\count295
\c@table=\count296
\abovecaptionskip=\skip55
\belowcaptionskip=\skip56
)
("/Users/javahsu/Library/Application Support/MiKTeX/texmfs/install/tex/latex/be
amer/beamerbasenavigation.sty"
\beamer@section@min@dim=\dimen265
)
("/Users/javahsu/Library/Application Support/MiKTeX/texmfs/install/tex/latex/be
amer/beamerbasetheorems.sty"
("/Users/javahsu/Library/Application Support/MiKTeX/texmfs/install/tex/latex/am
smath/amsmath.sty"
Package: amsmath 2020/01/20 v2.17e AMS math features
\@mathmargin=\skip57

For additional information on amsmath, use the `?' option.

("/Users/javahsu/Library/Application Support/MiKTeX/texmfs/install/tex/latex/am
smath/amstext.sty"
Package: amstext 2000/06/29 v2.01 AMS text

("/Users/javahsu/Library/Application Support/MiKTeX/texmfs/install/tex/latex/am
smath/amsgen.sty"
File: amsgen.sty 1999/11/30 v2.0 generic functions
\@emptytoks=\toks33
\ex@=\dimen266
))
("/Users/javahsu/Library/Application Support/MiKTeX/texmfs/install/tex/latex/am
smath/amsbsy.sty"
Package: amsbsy 1999/11/29 v1.2d Bold Symbols
\pmbraise@=\dimen267
)
("/Users/javahsu/Library/Application Support/MiKTeX/texmfs/install/tex/latex/am
smath/amsopn.sty"
Package: amsopn 2016/03/08 v2.02 operator names
)
\inf@bad=\count297
LaTeX Info: Redefining \frac on input line 227.
\uproot@=\count298
\leftroot@=\count299
LaTeX Info: Redefining \overline on input line 389.
\classnum@=\count300
\DOTSCASE@=\count301
LaTeX Info: Redefining \ldots on input line 486.
LaTeX Info: Redefining \dots on input line 489.
LaTeX Info: Redefining \cdots on input line 610.
\Mathstrutbox@=\box71
\strutbox@=\box72
\big@size=\dimen268
LaTeX Font Info:    Redeclaring font encoding OML on input line 733.
LaTeX Font Info:    Redeclaring font encoding OMS on input line 734.
\macc@depth=\count302
\c@MaxMatrixCols=\count303
\dotsspace@=\muskip17
\c@parentequation=\count304
\dspbrk@lvl=\count305
\tag@help=\toks34
\row@=\count306
\column@=\count307
\maxfields@=\count308
\andhelp@=\toks35
\eqnshift@=\dimen269
\alignsep@=\dimen270
\tagshift@=\dimen271
\tagwidth@=\dimen272
\totwidth@=\dimen273
\lineht@=\dimen274
\@envbody=\toks36
\multlinegap=\skip58
\multlinetaggap=\skip59
\mathdisplay@stack=\toks37
LaTeX Info: Redefining \[ on input line 2859.
LaTeX Info: Redefining \] on input line 2860.
)
("/Users/javahsu/Library/Application Support/MiKTeX/texmfs/install/tex/latex/am
scls/amsthm.sty"
Package: amsthm 2017/10/31 v2.20.4
\thm@style=\toks38
\thm@bodyfont=\toks39
\thm@headfont=\toks40
\thm@notefont=\toks41
\thm@headpunct=\toks42
\thm@preskip=\skip60
\thm@postskip=\skip61
\thm@headsep=\skip62
\dth@everypar=\toks43
)
\c@theorem=\count309
)
("/Users/javahsu/Library/Application Support/MiKTeX/texmfs/install/tex/latex/be
amer/beamerbasethemes.sty"))
("/Users/javahsu/Library/Application Support/MiKTeX/texmfs/install/tex/latex/be
amer/beamerthemedefault.sty"
("/Users/javahsu/Library/Application Support/MiKTeX/texmfs/install/tex/latex/be
amer/beamerfontthemedefault.sty")
("/Users/javahsu/Library/Application Support/MiKTeX/texmfs/install/tex/latex/be
amer/beamercolorthemedefault.sty")
("/Users/javahsu/Library/Application Support/MiKTeX/texmfs/install/tex/latex/be
amer/beamerinnerthemedefault.sty"
\beamer@dima=\dimen275
\beamer@dimb=\dimen276
)
("/Users/javahsu/Library/Application Support/MiKTeX/texmfs/install/tex/latex/be
amer/beamerouterthemedefault.sty")))
("/Users/javahsu/Library/Application Support/MiKTeX/texmfs/install/tex/latex/pr
eprint/authblk.sty"
Package: authblk 2001/02/27 1.3 (PWD)
\affilsep=\skip63
\@affilsep=\skip64
\c@Maxaffil=\count310
\c@authors=\count311
\c@affil=\count312
)
("/Users/javahsu/Library/Application Support/MiKTeX/texmfs/install/tex/latex/pr
eprint/fullpage.sty"
Package: fullpage 1999/02/23 1.1 (PWD)
\FP@margin=\skip65
)
("/Users/javahsu/Library/Application Support/MiKTeX/texmfs/install/tex/latex/to
ols/theorem.sty"
Package: theorem 2014/10/28 v2.2c Theorem extension package (FMi)
\theorem@style=\toks44
\theorem@bodyfont=\toks45
\theorempreskipamount=\skip66
\theorempostskipamount=\skip67

("/Users/javahsu/Library/Application Support/MiKTeX/texmfs/install/tex/latex/to
ols/thp.sty"
File: thp.sty 2014/10/28 v2.2c Theorem extension package (FMi)
))
("/Users/javahsu/Library/Application Support/MiKTeX/texmfs/install/tex/latex/ra
gged2e/ragged2e.sty"
Package: ragged2e 2019/07/28 v2.2 ragged2e Package (MS)

("/Users/javahsu/Library/Application Support/MiKTeX/texmfs/install/tex/latex/ms
/everysel.sty"
Package: everysel 2011/10/28 v1.2 EverySelectfont Package (MS)
)
\CenteringLeftskip=\skip68
\RaggedLeftLeftskip=\skip69
\RaggedRightLeftskip=\skip70
\CenteringRightskip=\skip71
\RaggedLeftRightskip=\skip72
\RaggedRightRightskip=\skip73
\CenteringParfillskip=\skip74
\RaggedLeftParfillskip=\skip75
\RaggedRightParfillskip=\skip76
\JustifyingParfillskip=\skip77
\CenteringParindent=\skip78
\RaggedLeftParindent=\skip79
\RaggedRightParindent=\skip80
\JustifyingParindent=\skip81
)
("/Users/javahsu/Library/Application Support/MiKTeX/texmfs/install/tex/latex/pg
f/frontendlayer/tikz.sty"
("/Users/javahsu/Library/Application Support/MiKTeX/texmfs/install/tex/latex/pg
f/basiclayer/pgf.sty"
Package: pgf 2020/01/08 v3.1.5b (3.1.5b)

("/Users/javahsu/Library/Application Support/MiKTeX/texmfs/install/tex/generic/
pgf/modules/pgfmoduleshapes.code.tex"
File: pgfmoduleshapes.code.tex 2020/01/08 v3.1.5b (3.1.5b)
\pgfnodeparttextbox=\box73
)
("/Users/javahsu/Library/Application Support/MiKTeX/texmfs/install/tex/generic/
pgf/modules/pgfmoduleplot.code.tex"
File: pgfmoduleplot.code.tex 2020/01/08 v3.1.5b (3.1.5b)
)
("/Users/javahsu/Library/Application Support/MiKTeX/texmfs/install/tex/latex/pg
f/compatibility/pgfcomp-version-0-65.sty"
Package: pgfcomp-version-0-65 2020/01/08 v3.1.5b (3.1.5b)
\pgf@nodesepstart=\dimen277
\pgf@nodesepend=\dimen278
)
("/Users/javahsu/Library/Application Support/MiKTeX/texmfs/install/tex/latex/pg
f/compatibility/pgfcomp-version-1-18.sty"
Package: pgfcomp-version-1-18 2020/01/08 v3.1.5b (3.1.5b)
))
("/Users/javahsu/Library/Application Support/MiKTeX/texmfs/install/tex/latex/pg
f/utilities/pgffor.sty"
("/Users/javahsu/Library/Application Support/MiKTeX/texmfs/install/tex/latex/pg
f/utilities/pgfkeys.sty"
("/Users/javahsu/Library/Application Support/MiKTeX/texmfs/install/tex/generic/
pgf/utilities/pgfkeys.code.tex"))
("/Users/javahsu/Library/Application Support/MiKTeX/texmfs/install/tex/latex/pg
f/math/pgfmath.sty"
("/Users/javahsu/Library/Application Support/MiKTeX/texmfs/install/tex/generic/
pgf/math/pgfmath.code.tex"))
("/Users/javahsu/Library/Application Support/MiKTeX/texmfs/install/tex/generic/
pgf/utilities/pgffor.code.tex"
Package: pgffor 2020/01/08 v3.1.5b (3.1.5b)

("/Users/javahsu/Library/Application Support/MiKTeX/texmfs/install/tex/generic/
pgf/math/pgfmath.code.tex")
\pgffor@iter=\dimen279
\pgffor@skip=\dimen280
\pgffor@stack=\toks46
\pgffor@toks=\toks47
))
("/Users/javahsu/Library/Application Support/MiKTeX/texmfs/install/tex/generic/
pgf/frontendlayer/tikz/tikz.code.tex"
Package: tikz 2020/01/08 v3.1.5b (3.1.5b)

("/Users/javahsu/Library/Application Support/MiKTeX/texmfs/install/tex/generic/
pgf/libraries/pgflibraryplothandlers.code.tex"
File: pgflibraryplothandlers.code.tex 2020/01/08 v3.1.5b (3.1.5b)
\pgf@plot@mark@count=\count313
\pgfplotmarksize=\dimen281
)
\tikz@lastx=\dimen282
\tikz@lasty=\dimen283
\tikz@lastxsaved=\dimen284
\tikz@lastysaved=\dimen285
\tikz@lastmovetox=\dimen286
\tikz@lastmovetoy=\dimen287
\tikzleveldistance=\dimen288
\tikzsiblingdistance=\dimen289
\tikz@figbox=\box74
\tikz@figbox@bg=\box75
\tikz@tempbox=\box76
\tikz@tempbox@bg=\box77
\tikztreelevel=\count314
\tikznumberofchildren=\count315
\tikznumberofcurrentchild=\count316
\tikz@fig@count=\count317

("/Users/javahsu/Library/Application Support/MiKTeX/texmfs/install/tex/generic/
pgf/modules/pgfmodulematrix.code.tex"
File: pgfmodulematrix.code.tex 2020/01/08 v3.1.5b (3.1.5b)
\pgfmatrixcurrentrow=\count318
\pgfmatrixcurrentcolumn=\count319
\pgf@matrix@numberofcolumns=\count320
)
\tikz@expandcount=\count321

("/Users/javahsu/Library/Application Support/MiKTeX/texmfs/install/tex/generic/
pgf/frontendlayer/tikz/libraries/tikzlibrarytopaths.code.tex"
File: tikzlibrarytopaths.code.tex 2020/01/08 v3.1.5b (3.1.5b)
)))
("/Users/javahsu/Library/Application Support/MiKTeX/texmfs/install/tex/latex/bo
oktabs/booktabs.sty"
Package: booktabs 2020/01/12 v1.61803398 Publication quality tables
\heavyrulewidth=\dimen290
\lightrulewidth=\dimen291
\cmidrulewidth=\dimen292
\belowrulesep=\dimen293
\belowbottomsep=\dimen294
\aboverulesep=\dimen295
\abovetopsep=\dimen296
\cmidrulesep=\dimen297
\cmidrulekern=\dimen298
\defaultaddspace=\dimen299
\@cmidla=\count322
\@cmidlb=\count323
\@aboverulesep=\dimen300
\@belowrulesep=\dimen301
\@thisruleclass=\count324
\@lastruleclass=\count325
\@thisrulewidth=\dimen302
)
\sympureletters=\mathgroup6
LaTeX Font Info:    Overwriting symbol font `pureletters' in version `bold'
(Font)                  OT1/mathkerncmss/m/sl --> OT1/mathkerncmss/bx/sl on inp
ut line 11.

("/Users/javahsu/Library/Application Support/MiKTeX/texmfs/install/tex/latex/to
ols/bm.sty"
Package: bm 2019/07/24 v1.2d Bold Symbol Support (DPC/FMi)
\symboldoperators=\mathgroup7
\symboldletters=\mathgroup8
\symboldsymbols=\mathgroup9
\symboldpureletters=\mathgroup10
LaTeX Font Info:    Redeclaring math alphabet \mathbf on input line 141.
LaTeX Info: Redefining \bm on input line 209.
)
("/Users/javahsu/Library/Application Support/MiKTeX/texmfs/install/tex/generic/
pgf/frontendlayer/tikz/libraries/tikzlibraryshapes.code.tex"
File: tikzlibraryshapes.code.tex 2020/01/08 v3.1.5b (3.1.5b)

("/Users/javahsu/Library/Application Support/MiKTeX/texmfs/install/tex/generic/
pgf/frontendlayer/tikz/libraries/tikzlibraryshapes.geometric.code.tex"
File: tikzlibraryshapes.geometric.code.tex 2020/01/08 v3.1.5b (3.1.5b)

("/Users/javahsu/Library/Application Support/MiKTeX/texmfs/install/tex/generic/
pgf/libraries/shapes/pgflibraryshapes.geometric.code.tex"
File: pgflibraryshapes.geometric.code.tex 2020/01/08 v3.1.5b (3.1.5b)
))
("/Users/javahsu/Library/Application Support/MiKTeX/texmfs/install/tex/generic/
pgf/frontendlayer/tikz/libraries/tikzlibraryshapes.misc.code.tex"
File: tikzlibraryshapes.misc.code.tex 2020/01/08 v3.1.5b (3.1.5b)

("/Users/javahsu/Library/Application Support/MiKTeX/texmfs/install/tex/generic/
pgf/libraries/shapes/pgflibraryshapes.misc.code.tex"
File: pgflibraryshapes.misc.code.tex 2020/01/08 v3.1.5b (3.1.5b)
))
("/Users/javahsu/Library/Application Support/MiKTeX/texmfs/install/tex/generic/
pgf/frontendlayer/tikz/libraries/tikzlibraryshapes.symbols.code.tex"
File: tikzlibraryshapes.symbols.code.tex 2020/01/08 v3.1.5b (3.1.5b)

("/Users/javahsu/Library/Application Support/MiKTeX/texmfs/install/tex/generic/
pgf/libraries/shapes/pgflibraryshapes.symbols.code.tex"
File: pgflibraryshapes.symbols.code.tex 2020/01/08 v3.1.5b (3.1.5b)
))
("/Users/javahsu/Library/Application Support/MiKTeX/texmfs/install/tex/generic/
pgf/frontendlayer/tikz/libraries/tikzlibraryshapes.arrows.code.tex"
File: tikzlibraryshapes.arrows.code.tex 2020/01/08 v3.1.5b (3.1.5b)

("/Users/javahsu/Library/Application Support/MiKTeX/texmfs/install/tex/generic/
pgf/libraries/shapes/pgflibraryshapes.arrows.code.tex"
File: pgflibraryshapes.arrows.code.tex 2020/01/08 v3.1.5b (3.1.5b)
))
("/Users/javahsu/Library/Application Support/MiKTeX/texmfs/install/tex/generic/
pgf/frontendlayer/tikz/libraries/tikzlibraryshapes.callouts.code.tex"
("/Users/javahsu/Library/Application Support/MiKTeX/texmfs/install/tex/generic/
pgf/libraries/shapes/pgflibraryshapes.callouts.code.tex"))
("/Users/javahsu/Library/Application Support/MiKTeX/texmfs/install/tex/generic/
pgf/frontendlayer/tikz/libraries/tikzlibraryshapes.multipart.code.tex"
File: tikzlibraryshapes.multipart.code.tex 2020/01/08 v3.1.5b (3.1.5b)

("/Users/javahsu/Library/Application Support/MiKTeX/texmfs/install/tex/generic/
pgf/libraries/shapes/pgflibraryshapes.multipart.code.tex"
File: pgflibraryshapes.multipart.code.tex 2020/01/08 v3.1.5b (3.1.5b)
\pgfnodepartlowerbox=\box78
\pgfnodeparttwobox=\box79
\pgfnodepartthreebox=\box80
\pgfnodepartfourbox=\box81
\pgfnodeparttwentybox=\box82
\pgfnodepartnineteenbox=\box83
\pgfnodeparteighteenbox=\box84
\pgfnodepartseventeenbox=\box85
\pgfnodepartsixteenbox=\box86
\pgfnodepartfifteenbox=\box87
\pgfnodepartfourteenbox=\box88
\pgfnodepartthirteenbox=\box89
\pgfnodeparttwelvebox=\box90
\pgfnodepartelevenbox=\box91
\pgfnodeparttenbox=\box92
\pgfnodepartninebox=\box93
\pgfnodeparteightbox=\box94
\pgfnodepartsevenbox=\box95
\pgfnodepartsixbox=\box96
\pgfnodepartfivebox=\box97
)))
("/Users/javahsu/Library/Application Support/MiKTeX/texmfs/install/tex/generic/
pgf/frontendlayer/tikz/libraries/tikzlibraryarrows.code.tex"
File: tikzlibraryarrows.code.tex 2020/01/08 v3.1.5b (3.1.5b)

("/Users/javahsu/Library/Application Support/MiKTeX/texmfs/install/tex/generic/
pgf/libraries/pgflibraryarrows.code.tex"
File: pgflibraryarrows.code.tex 2020/01/08 v3.1.5b (3.1.5b)
\arrowsize=\dimen303
))
("/Users/javahsu/Library/Application Support/MiKTeX/texmfs/install/tex/generic/
pgf/frontendlayer/tikz/libraries/tikzlibrarypositioning.code.tex"
File: tikzlibrarypositioning.code.tex 2020/01/08 v3.1.5b (3.1.5b)
)
("/Users/javahsu/Library/Application Support/MiKTeX/texmfs/install/tex/latex/be
amer/beamerthemeMadrid.sty"
("/Users/javahsu/Library/Application Support/MiKTeX/texmfs/install/tex/latex/be
amer/beamercolorthemewhale.sty")
("/Users/javahsu/Library/Application Support/MiKTeX/texmfs/install/tex/latex/be
amer/beamercolorthemeorchid.sty")
("/Users/javahsu/Library/Application Support/MiKTeX/texmfs/install/tex/latex/be
amer/beamerinnerthemerounded.sty")
("/Users/javahsu/Library/Application Support/MiKTeX/texmfs/install/tex/latex/be
amer/beamerouterthemeinfolines.sty"))
("/Users/javahsu/Library/Application Support/MiKTeX/texmfs/install/tex/latex/be
amer/beamercolorthemebeaver.sty")
("/Users/javahsu/Library/Application Support/MiKTeX/texmfs/install/tex/latex/l3
backend/l3backend-pdfmode.def"
File: l3backend-pdfmode.def 2020-03-12 L3 backend support: PDF mode
\l__kernel_color_stack_int=\count326
\l__pdf_internal_box=\box98
) (LearnBeamerPresi.aux

LaTeX Warning: Label `eq:rregress' multiply defined.


LaTeX Warning: Label `eq:rregress' multiply defined.


LaTeX Warning: Label `tab:regressrank' multiply defined.


LaTeX Warning: Label `eq:rregress' multiply defined.


LaTeX Warning: Label `tab:regressrank' multiply defined.


LaTeX Warning: Label `tab:ols' multiply defined.

)
\openout1 = `LearnBeamerPresi.aux'.

LaTeX Font Info:    Checking defaults for OML/cmm/m/it on input line 123.
LaTeX Font Info:    ... okay on input line 123.
LaTeX Font Info:    Checking defaults for OMS/cmsy/m/n on input line 123.
LaTeX Font Info:    ... okay on input line 123.
LaTeX Font Info:    Checking defaults for OT1/cmr/m/n on input line 123.
LaTeX Font Info:    ... okay on input line 123.
LaTeX Font Info:    Checking defaults for T1/cmr/m/n on input line 123.
LaTeX Font Info:    ... okay on input line 123.
LaTeX Font Info:    Checking defaults for TS1/cmr/m/n on input line 123.
LaTeX Font Info:    ... okay on input line 123.
LaTeX Font Info:    Checking defaults for OMX/cmex/m/n on input line 123.
LaTeX Font Info:    ... okay on input line 123.
LaTeX Font Info:    Checking defaults for U/cmr/m/n on input line 123.
LaTeX Font Info:    ... okay on input line 123.
LaTeX Font Info:    Checking defaults for PD1/pdf/m/n on input line 123.
LaTeX Font Info:    ... okay on input line 123.

*geometry* driver: auto-detecting
*geometry* detected driver: pdftex
*geometry* verbose mode - [ preamble ] result:
* driver: pdftex
* paper: custom
* layout: <same size as paper>
* layoutoffset:(h,v)=(0.0pt,0.0pt)
* modes: includehead includefoot 
* h-part:(L,W,R)=(10.95003pt, 342.2953pt, 10.95003pt)
* v-part:(T,H,B)=(0.0pt, 273.14662pt, 0.0pt)
* \paperwidth=364.19536pt
* \paperheight=273.14662pt
* \textwidth=342.2953pt
* \textheight=244.6939pt
* \oddsidemargin=-61.31996pt
* \evensidemargin=-61.31996pt
* \topmargin=-72.26999pt
* \headheight=14.22636pt
* \headsep=0.0pt
* \topskip=11.0pt
* \footskip=14.22636pt
* \marginparwidth=4.0pt
* \marginparsep=10.0pt
* \columnsep=10.0pt
* \skip\footins=10.0pt plus 4.0pt minus 2.0pt
* \hoffset=0.0pt
* \voffset=0.0pt
* \mag=1000
* \@twocolumnfalse
* \@twosidefalse
* \@mparswitchfalse
* \@reversemarginfalse
* (1in=72.27pt=25.4mm, 1cm=28.453pt)


("/Users/javahsu/Library/Application Support/MiKTeX/texmfs/install/tex/context/
base/mkii/supp-pdf.mkii"
[Loading MPS to PDF converter (version 2006.09.02).]
\scratchcounter=\count327
\scratchdimen=\dimen304
\scratchbox=\box99
\nofMPsegments=\count328
\nofMParguments=\count329
\everyMPshowfont=\toks48
\MPscratchCnt=\count330
\MPscratchDim=\dimen305
\MPnumerator=\count331
\makeMPintoPDFobject=\count332
\everyMPtoPDFconversion=\toks49
)
("/Users/javahsu/Library/Application Support/MiKTeX/texmfs/install/tex/latex/ep
stopdf-pkg/epstopdf-base.sty"
Package: epstopdf-base 2020-01-24 v2.11 Base part for package epstopdf
Package epstopdf-base Info: Redefining graphics rule for `.eps' on input line 4
85.
) ABD: EveryShipout initializing macros
\AtBeginShipoutBox=\box100
Package hyperref Info: Link coloring OFF on input line 123.

("/Users/javahsu/Library/Application Support/MiKTeX/texmfs/install/tex/latex/hy
perref/nameref.sty"
Package: nameref 2019/09/16 v2.46 Cross-referencing by name of section

("/Users/javahsu/Library/Application Support/MiKTeX/texmfs/install/tex/latex/re
fcount/refcount.sty"
Package: refcount 2019/12/15 v3.6 Data extraction from label references (HO)
)
("/Users/javahsu/Library/Application Support/MiKTeX/texmfs/install/tex/generic/
gettitlestring/gettitlestring.sty"
Package: gettitlestring 2019/12/15 v1.6 Cleanup title references (HO)
)
\c@section@level=\count333
)
LaTeX Info: Redefining \ref on input line 123.
LaTeX Info: Redefining \pageref on input line 123.
LaTeX Info: Redefining \nameref on input line 123.
 (LearnBeamerPresi.out)
(LearnBeamerPresi.out)
\@outlinefile=\write5
\openout5 = `LearnBeamerPresi.out'.

LaTeX Font Info:    Overwriting symbol font `operators' in version `normal'
(Font)                  OT1/cmr/m/n --> OT1/cmss/m/n on input line 123.
LaTeX Font Info:    Overwriting symbol font `operators' in version `bold'
(Font)                  OT1/cmr/bx/n --> OT1/cmss/b/n on input line 123.
\symnumbers=\mathgroup11
LaTeX Font Info:    Redeclaring symbol font `pureletters' on input line 123.
LaTeX Font Info:    Overwriting symbol font `pureletters' in version `normal'
(Font)                  OT1/mathkerncmss/m/sl --> OT1/cmss/m/it on input line 1
23.
LaTeX Font Info:    Overwriting symbol font `pureletters' in version `bold'
(Font)                  OT1/mathkerncmss/bx/sl --> OT1/cmss/m/it on input line 
123.
LaTeX Font Info:    Overwriting math alphabet `\mathrm' in version `normal'
(Font)                  OT1/cmss/m/n --> OT1/cmr/m/n on input line 123.
LaTeX Font Info:    Redeclaring math alphabet \mathbf on input line 123.
LaTeX Font Info:    Redeclaring math alphabet \mathsf on input line 123.
LaTeX Font Info:    Overwriting math alphabet `\mathsf' in version `normal'
(Font)                  OT1/cmss/m/n --> OT1/cmss/m/n on input line 123.
LaTeX Font Info:    Overwriting math alphabet `\mathsf' in version `bold'
(Font)                  OT1/cmss/bx/n --> OT1/cmss/m/n on input line 123.
LaTeX Font Info:    Redeclaring math alphabet \mathit on input line 123.
LaTeX Font Info:    Overwriting math alphabet `\mathit' in version `normal'
(Font)                  OT1/cmr/m/it --> OT1/cmss/m/it on input line 123.
LaTeX Font Info:    Overwriting math alphabet `\mathit' in version `bold'
(Font)                  OT1/cmr/bx/it --> OT1/cmss/m/it on input line 123.
LaTeX Font Info:    Redeclaring math alphabet \mathtt on input line 123.
LaTeX Font Info:    Overwriting math alphabet `\mathtt' in version `normal'
(Font)                  OT1/cmtt/m/n --> OT1/cmtt/m/n on input line 123.
LaTeX Font Info:    Overwriting math alphabet `\mathtt' in version `bold'
(Font)                  OT1/cmtt/m/n --> OT1/cmtt/m/n on input line 123.
LaTeX Font Info:    Overwriting symbol font `numbers' in version `bold'
(Font)                  OT1/cmss/m/n --> OT1/cmss/b/n on input line 123.
LaTeX Font Info:    Overwriting symbol font `pureletters' in version `bold'
(Font)                  OT1/cmss/m/it --> OT1/cmss/b/it on input line 123.
LaTeX Font Info:    Overwriting math alphabet `\mathrm' in version `bold'
(Font)                  OT1/cmss/b/n --> OT1/cmr/b/n on input line 123.
LaTeX Font Info:    Overwriting math alphabet `\mathbf' in version `bold'
(Font)                  OT1/cmss/b/n --> OT1/cmss/b/n on input line 123.
LaTeX Font Info:    Overwriting math alphabet `\mathsf' in version `bold'
(Font)                  OT1/cmss/m/n --> OT1/cmss/b/n on input line 123.
LaTeX Font Info:    Overwriting math alphabet `\mathit' in version `bold'
(Font)                  OT1/cmss/m/it --> OT1/cmss/b/it on input line 123.
LaTeX Font Info:    Overwriting math alphabet `\mathtt' in version `bold'
(Font)                  OT1/cmtt/m/n --> OT1/cmtt/b/n on input line 123.
LaTeX Font Info:    Redeclaring symbol font `pureletters' on input line 123.
LaTeX Font Info:    Overwriting symbol font `pureletters' in version `normal'
(Font)                  OT1/cmss/m/it --> OT1/mathkerncmss/m/sl on input line 1
23.
LaTeX Font Info:    Overwriting symbol font `pureletters' in version `bold'
(Font)                  OT1/cmss/b/it --> OT1/mathkerncmss/m/sl on input line 1
23.
LaTeX Font Info:    Overwriting symbol font `pureletters' in version `bold'
(Font)                  OT1/mathkerncmss/m/sl --> OT1/mathkerncmss/bx/sl on inp
ut line 123.

("/Users/javahsu/Library/Application Support/MiKTeX/texmfs/install/tex/latex/tr
anslator/translator-basic-dictionary-English.dict"
Dictionary: translator-basic-dictionary, Language: English 
)
("/Users/javahsu/Library/Application Support/MiKTeX/texmfs/install/tex/latex/tr
anslator/translator-bibliography-dictionary-English.dict"
Dictionary: translator-bibliography-dictionary, Language: English 
)
("/Users/javahsu/Library/Application Support/MiKTeX/texmfs/install/tex/latex/tr
anslator/translator-environment-dictionary-English.dict"
Dictionary: translator-environment-dictionary, Language: English 
)
("/Users/javahsu/Library/Application Support/MiKTeX/texmfs/install/tex/latex/tr
anslator/translator-months-dictionary-English.dict"
Dictionary: translator-months-dictionary, Language: English 
)
("/Users/javahsu/Library/Application Support/MiKTeX/texmfs/install/tex/latex/tr
anslator/translator-numbers-dictionary-English.dict"
Dictionary: translator-numbers-dictionary, Language: English 
)
("/Users/javahsu/Library/Application Support/MiKTeX/texmfs/install/tex/latex/tr
anslator/translator-theorem-dictionary-English.dict"
Dictionary: translator-theorem-dictionary, Language: English 
)
ABD: EverySelectfont initializing macros
LaTeX Info: Redefining \selectfont on input line 123.
 (LearnBeamerPresi.nav) [1

{/Users/javahsu/Library/Application Support/MiKTeX/texmfs/data/pdftex/config/pd
ftex.map}]
[2

]
LaTeX Font Info:    Trying to load font information for U+msa on input line 171
.

("/Users/javahsu/Library/Application Support/MiKTeX/texmfs/install/tex/latex/am
sfonts/umsa.fd"
File: umsa.fd 2013/01/14 v3.01 AMS symbols A
)
LaTeX Font Info:    Trying to load font information for U+msb on input line 171
.

("/Users/javahsu/Library/Application Support/MiKTeX/texmfs/install/tex/latex/am
sfonts/umsb.fd"
File: umsb.fd 2013/01/14 v3.01 AMS symbols B
)
LaTeX Font Info:    Trying to load font information for OT1+mathkerncmss on inp
ut line 171.

("/Users/javahsu/Library/Application Support/MiKTeX/texmfs/install/tex/latex/sa
nsmathaccent/ot1mathkerncmss.fd"
File: ot1mathkerncmss.fd 2020/01/31 Fontinst v1.933 font definitions for OT1/ma
thkerncmss.
)
<figures/happymoney.png, id=51, 1505.625pt x 1296.845pt>
File: figures/happymoney.png Graphic file (type png)
<use figures/happymoney.png>
Package pdftex.def Info: figures/happymoney.png  used on input line 171.
(pdftex.def)             Requested size: 150.57132pt x 129.6921pt.
<figures/sadmoney.jpg, id=53, 860.21375pt x 605.26125pt>
File: figures/sadmoney.jpg Graphic file (type jpg)
<use figures/sadmoney.jpg>
Package pdftex.def Info: figures/sadmoney.jpg  used on input line 171.
(pdftex.def)             Requested size: 172.03969pt x 121.0501pt.
 [3

 <./figures/happymoney.png>] [4


 <./figures/sadmoney.jpg>] [5

]
<figures/exitTS-1.pdf, id=72, 469.76003pt x 325.20998pt>
File: figures/exitTS-1.pdf Graphic file (type pdf)
<use figures/exitTS-1.pdf>
Package pdftex.def Info: figures/exitTS-1.pdf  used on input line 185.
(pdftex.def)             Requested size: 118.33864pt x 79.07117pt.
<figures/exitTS-2.pdf, id=74, 469.76003pt x 325.20998pt>
File: figures/exitTS-2.pdf Graphic file (type pdf)
<use figures/exitTS-2.pdf>
Package pdftex.def Info: figures/exitTS-2.pdf  used on input line 185.
(pdftex.def)             Requested size: 107.84962pt x 79.07117pt.
<figures/exitTS-3.pdf, id=76, 469.76003pt x 325.20998pt>
File: figures/exitTS-3.pdf Graphic file (type pdf)
<use figures/exitTS-3.pdf>
Package pdftex.def Info: figures/exitTS-3.pdf  used on input line 185.
(pdftex.def)             Requested size: 107.84962pt x 79.07117pt.
 [6

 <./figures/exitTS-1.pdf> <./figures/exitTS-2.pdf> <./figures/exitTS-3.pdf>] [7

] [8

] [9

] [10

] [11

] [12


]
<figures/funcf2.pdf, id=147, 462.52798pt x 346.89601pt>
File: figures/funcf2.pdf Graphic file (type pdf)
<use figures/funcf2.pdf>
Package pdftex.def Info: figures/funcf2.pdf  used on input line 377.
(pdftex.def)             Requested size: 167.72658pt x 125.7929pt.
<figures/funcf1.pdf, id=148, 462.52798pt x 346.89601pt>
File: figures/funcf1.pdf Graphic file (type pdf)
<use figures/funcf1.pdf>
Package pdftex.def Info: figures/funcf1.pdf  used on input line 377.
(pdftex.def)             Requested size: 167.72658pt x 125.7929pt.
<figures/probn2.pdf, id=149, 462.52798pt x 346.89601pt>
File: figures/probn2.pdf Graphic file (type pdf)
<use figures/probn2.pdf>
Package pdftex.def Info: figures/probn2.pdf  used on input line 377.
(pdftex.def)             Requested size: 167.72658pt x 125.7929pt.
<figures/probn1.pdf, id=150, 462.52798pt x 346.89601pt>
File: figures/probn1.pdf Graphic file (type pdf)
<use figures/probn1.pdf>
Package pdftex.def Info: figures/probn1.pdf  used on input line 377.
(pdftex.def)             Requested size: 167.72658pt x 125.7929pt.
<figures/cdft2.pdf, id=151, 462.52798pt x 346.89601pt>
File: figures/cdft2.pdf Graphic file (type pdf)
<use figures/cdft2.pdf>
Package pdftex.def Info: figures/cdft2.pdf  used on input line 377.
(pdftex.def)             Requested size: 167.72658pt x 125.7929pt.
<figures/cdft1.pdf, id=152, 462.52798pt x 346.89601pt>
File: figures/cdft1.pdf Graphic file (type pdf)
<use figures/cdft1.pdf>
Package pdftex.def Info: figures/cdft1.pdf  used on input line 377.
(pdftex.def)             Requested size: 167.72658pt x 125.7929pt.
<figures/pis2.pdf, id=153, 462.52798pt x 346.89601pt>
File: figures/pis2.pdf Graphic file (type pdf)
<use figures/pis2.pdf>
Package pdftex.def Info: figures/pis2.pdf  used on input line 377.
(pdftex.def)             Requested size: 167.72658pt x 125.7929pt.
<figures/pis1.pdf, id=154, 462.52798pt x 346.89601pt>
File: figures/pis1.pdf Graphic file (type pdf)
<use figures/pis1.pdf>
Package pdftex.def Info: figures/pis1.pdf  used on input line 377.
(pdftex.def)             Requested size: 167.72658pt x 125.7929pt.
 [13

 <./figures/funcf2.pdf> <./figures/funcf1.pdf>]
Overfull \vbox (0.91682pt too high) detected at line 377
 []

[14


 <./figures/probn2.pdf> <./figures/probn1.pdf

pdfTeX warning: pdflatex (file ./figures/probn1.pdf): PDF inclusion: multiple p
dfs with page group included in a single page
>]
Overfull \vbox (3.20961pt too high) detected at line 377
 []

[15


 <./figures/cdft2.pdf> <./figures/cdft1.pdf>] [16


 <./figures/pis2.pdf> <./figures/pis1.pdf

pdfTeX warning: pdflatex (file ./figures/pis1.pdf): PDF inclusion: multiple pdf
s with page group included in a single page
>] [17

] [18


] [19

]

LaTeX Font Warning: Font shape `OT1/cmss/b/n' undefined
(Font)              using `OT1/cmss/m/n' instead on input line 531.

[20

]
<figures/rouentry-1.pdf, id=339, 469.755pt x 325.215pt>
File: figures/rouentry-1.pdf Graphic file (type pdf)
<use figures/rouentry-1.pdf>
Package pdftex.def Info: figures/rouentry-1.pdf  used on input line 567.
(pdftex.def)             Requested size: 239.60567pt x 165.8773pt.
 [21

] [22


 <./figures/rouentry-1.pdf>] [23

] [24


]
<figures/lstar.pdf, id=368, 462.52798pt x 346.89601pt>
File: figures/lstar.pdf Graphic file (type pdf)
<use figures/lstar.pdf>
Package pdftex.def Info: figures/lstar.pdf  used on input line 609.
(pdftex.def)             Requested size: 243.73419pt x 182.80183pt.
 [25

 <./figures/lstar.pdf>]
<figures/ExitlikeliPy.pdf, id=390, 462.52798pt x 346.89601pt>
File: figures/ExitlikeliPy.pdf Graphic file (type pdf)
<use figures/ExitlikeliPy.pdf>
Package pdftex.def Info: figures/ExitlikeliPy.pdf  used on input line 621.
(pdftex.def)             Requested size: 205.37926pt x 154.0374pt.

[26

 <./figures/ExitlikeliPy.pdf>]
<figures/CohortReturn.pdf, id=449, 462.52798pt x 346.89601pt>
File: figures/CohortReturn.pdf Graphic file (type pdf)
<use figures/CohortReturn.pdf>
Package pdftex.def Info: figures/CohortReturn.pdf  used on input line 631.
(pdftex.def)             Requested size: 171.14764pt x 128.36009pt.
 [27

 <./figures/CohortReturn.pdf>] [28

]
<../../../../../Dropbox/LearningToTrade/figure/returnTS-1.pdf, id=511, 469.7600
3pt x 325.20998pt>
File: ../../../../../Dropbox/LearningToTrade/figure/returnTS-1.pdf Graphic file
 (type pdf)
<use ../../../../../Dropbox/LearningToTrade/figure/returnTS-1.pdf>
Package pdftex.def Info: ../../../../../Dropbox/LearningToTrade/figure/returnTS
-1.pdf  used on input line 684.
(pdftex.def)             Requested size: 169.4345pt x 104.38051pt.
<../../../../../Dropbox/LearningToTrade/figure/returnTS-2.pdf, id=513, 469.7600
3pt x 325.20998pt>
File: ../../../../../Dropbox/LearningToTrade/figure/returnTS-2.pdf Graphic file
 (type pdf)
<use ../../../../../Dropbox/LearningToTrade/figure/returnTS-2.pdf>
Package pdftex.def Info: ../../../../../Dropbox/LearningToTrade/figure/returnTS
-2.pdf  used on input line 684.
(pdftex.def)             Requested size: 169.4345pt x 104.38051pt.

[29

 <../../../../../Dropbox/LearningToTrade/figure/returnTS-1.pdf> <../../../../..
/Dropbox/LearningToTrade/figure/returnTS-2.pdf>] [30

]
<../../../../../Dropbox/LearningToTrade/figure/trreturnquantile-1.pdf, id=541, 
469.76003pt x 325.20998pt>
File: ../../../../../Dropbox/LearningToTrade/figure/trreturnquantile-1.pdf Grap
hic file (type pdf)
<use ../../../../../Dropbox/LearningToTrade/figure/trreturnquantile-1.pdf>
Package pdftex.def Info: ../../../../../Dropbox/LearningToTrade/figure/trreturn
quantile-1.pdf  used on input line 734.
(pdftex.def)             Requested size: 239.60567pt x 147.61137pt.
 [31

 <../../../../../Dropbox/LearningToTrade/figure/trreturnquantile-1.pdf>]pdfTeX 
warning (ext4): destination with the same identifier (name{eq:rregress}) has be
en already used, duplicate ignored
<to be read again> 
                   \relax 
l.776 \end{frame}
                  [32

]
<../../../../../Dropbox/LearningToTrade/figure/ReturnbyAgeExit-1.pdf, id=565, 4
69.76003pt x 325.20998pt>
File: ../../../../../Dropbox/LearningToTrade/figure/ReturnbyAgeExit-1.pdf Graph
ic file (type pdf)
<use ../../../../../Dropbox/LearningToTrade/figure/ReturnbyAgeExit-1.pdf>
Package pdftex.def Info: ../../../../../Dropbox/LearningToTrade/figure/Returnby
AgeExit-1.pdf  used on input line 838.
(pdftex.def)             Requested size: 111.72821pt x 68.83035pt.

Overfull \hbox (2.19121pt too wide) in paragraph at lines 838--838
 [] 
 []

<../../../../../Dropbox/LearningToTrade/figure/ReturnbyAgeExit-2.pdf, id=567, 4
69.76003pt x 325.20998pt>
File: ../../../../../Dropbox/LearningToTrade/figure/ReturnbyAgeExit-2.pdf Graph
ic file (type pdf)
<use ../../../../../Dropbox/LearningToTrade/figure/ReturnbyAgeExit-2.pdf>
Package pdftex.def Info: ../../../../../Dropbox/LearningToTrade/figure/Returnby
AgeExit-2.pdf  used on input line 838.
(pdftex.def)             Requested size: 111.72821pt x 68.83035pt.

Overfull \hbox (2.19121pt too wide) in paragraph at lines 838--838
 [] 
 []

<../../../../../Dropbox/LearningToTrade/figure/ReturnbyAgeExit-3.pdf, id=569, 4
69.76003pt x 325.20998pt>
File: ../../../../../Dropbox/LearningToTrade/figure/ReturnbyAgeExit-3.pdf Graph
ic file (type pdf)
<use ../../../../../Dropbox/LearningToTrade/figure/ReturnbyAgeExit-3.pdf>
Package pdftex.def Info: ../../../../../Dropbox/LearningToTrade/figure/Returnby
AgeExit-3.pdf  used on input line 838.
(pdftex.def)             Requested size: 111.72821pt x 68.83035pt.

Overfull \hbox (2.19121pt too wide) in paragraph at lines 838--838
 [] 
 []

<../../../../../Dropbox/LearningToTrade/figure/ReturnbyAgeExit-4.pdf, id=571, 4
69.76003pt x 325.20998pt>
File: ../../../../../Dropbox/LearningToTrade/figure/ReturnbyAgeExit-4.pdf Graph
ic file (type pdf)
<use ../../../../../Dropbox/LearningToTrade/figure/ReturnbyAgeExit-4.pdf>
Package pdftex.def Info: ../../../../../Dropbox/LearningToTrade/figure/Returnby
AgeExit-4.pdf  used on input line 838.
(pdftex.def)             Requested size: 111.72821pt x 68.83035pt.

Overfull \hbox (2.19121pt too wide) in paragraph at lines 838--838
 [] 
 []

<../../../../../Dropbox/LearningToTrade/figure/ReturnbyAgeExit-5.pdf, id=573, 4
69.76003pt x 325.20998pt>
File: ../../../../../Dropbox/LearningToTrade/figure/ReturnbyAgeExit-5.pdf Graph
ic file (type pdf)
<use ../../../../../Dropbox/LearningToTrade/figure/ReturnbyAgeExit-5.pdf>
Package pdftex.def Info: ../../../../../Dropbox/LearningToTrade/figure/Returnby
AgeExit-5.pdf  used on input line 838.
(pdftex.def)             Requested size: 111.72821pt x 68.83035pt.

Overfull \hbox (2.19121pt too wide) in paragraph at lines 838--838
 [] 
 []

<../../../../../Dropbox/LearningToTrade/figure/ReturnbyAgeExit-6.pdf, id=575, 4
69.76003pt x 325.20998pt>
File: ../../../../../Dropbox/LearningToTrade/figure/ReturnbyAgeExit-6.pdf Graph
ic file (type pdf)
<use ../../../../../Dropbox/LearningToTrade/figure/ReturnbyAgeExit-6.pdf>
Package pdftex.def Info: ../../../../../Dropbox/LearningToTrade/figure/Returnby
AgeExit-6.pdf  used on input line 838.
(pdftex.def)             Requested size: 111.72821pt x 68.83035pt.

Overfull \hbox (2.19121pt too wide) in paragraph at lines 838--838
 [] 
 []

[33

 <../../../../../Dropbox/LearningToTrade/figure/ReturnbyAgeExit-1.pdf> <../../.
./../../Dropbox/LearningToTrade/figure/ReturnbyAgeExit-2.pdf> <../../../../../D
ropbox/LearningToTrade/figure/ReturnbyAgeExit-3.pdf> <../../../../../Dropbox/Le
arningToTrade/figure/ReturnbyAgeExit-4.pdf> <../../../../../Dropbox/LearningToT
rade/figure/ReturnbyAgeExit-5.pdf> <../../../../../Dropbox/LearningToTrade/figu
re/ReturnbyAgeExit-6.pdf>]pdfTeX warning (ext4): destination with the same iden
tifier (name{eq:rregress}) has been already used, duplicate ignored
<to be read again> 
                   \relax 
l.877 \end{frame}
                 pdfTeX warning (ext4): destination with the same identifier (n
ame{tab:regressrank}) has been already used, duplicate ignored
<to be read again> 
                   \relax 
l.877 \end{frame}
                  [34

]
<../../../../../Dropbox/LearningToTrade/figure/ExitTS-1.pdf, id=617, 469.76003p
t x 325.20998pt>
File: ../../../../../Dropbox/LearningToTrade/figure/ExitTS-1.pdf Graphic file (
type pdf)
<use ../../../../../Dropbox/LearningToTrade/figure/ExitTS-1.pdf>
Package pdftex.def Info: ../../../../../Dropbox/LearningToTrade/figure/ExitTS-1
.pdf  used on input line 911.
(pdftex.def)             Requested size: 111.72821pt x 68.83035pt.

Overfull \hbox (2.19121pt too wide) in paragraph at lines 911--911
 [] 
 []

<../../../../../Dropbox/LearningToTrade/figure/ExitTS-2.pdf, id=619, 469.76003p
t x 325.20998pt>
File: ../../../../../Dropbox/LearningToTrade/figure/ExitTS-2.pdf Graphic file (
type pdf)
<use ../../../../../Dropbox/LearningToTrade/figure/ExitTS-2.pdf>
Package pdftex.def Info: ../../../../../Dropbox/LearningToTrade/figure/ExitTS-2
.pdf  used on input line 911.
(pdftex.def)             Requested size: 111.72821pt x 68.83035pt.

Overfull \hbox (2.19121pt too wide) in paragraph at lines 911--911
 [] 
 []

<../../../../../Dropbox/LearningToTrade/figure/ExitTS-3.pdf, id=621, 469.76003p
t x 325.20998pt>
File: ../../../../../Dropbox/LearningToTrade/figure/ExitTS-3.pdf Graphic file (
type pdf)
<use ../../../../../Dropbox/LearningToTrade/figure/ExitTS-3.pdf>
Package pdftex.def Info: ../../../../../Dropbox/LearningToTrade/figure/ExitTS-3
.pdf  used on input line 911.
(pdftex.def)             Requested size: 111.72821pt x 68.83035pt.

Overfull \hbox (2.19121pt too wide) in paragraph at lines 911--911
 [] 
 []

[35

 <../../../../../Dropbox/LearningToTrade/figure/ExitTS-1.pdf> <../../../../../D
ropbox/LearningToTrade/figure/ExitTS-2.pdf> <../../../../../Dropbox/LearningToT
rade/figure/ExitTS-3.pdf>]pdfTeX warning (ext4): destination with the same iden
tifier (name{eq:rregress}) has been already used, duplicate ignored
<to be read again> 
                   \relax 
l.956 \end{frame}
                 pdfTeX warning (ext4): destination with the same identifier (n
ame{tab:regressrank}) has been already used, duplicate ignored
<to be read again> 
                   \relax 
l.956 \end{frame}
                 
Overfull \hbox (1.1812pt too wide) in paragraph at lines 956--956
 [] 
 []


Class beamer Warning: Frame text is shrunk by a factor of 13.25684 percent inst
ead of 10 percent on input line 956.

[36

] [37

]pdfTeX warning (ext4): destination with the same identifier (name{tab:ols}) ha
s been already used, duplicate ignored
<to be read again> 
                   \relax 
l.1032 \end{frame}
                   [38

] [39

] (LearnBeamerPresi.bbl) [40

 </Users/javahsu/Library/Application Support/MiKTeX/texmfs/install/tex/latex/be
amer/beamericonarticle.pdf>] [41

]
\tf@nav=\write6
\openout6 = `LearnBeamerPresi.nav'.

\tf@toc=\write7
\openout7 = `LearnBeamerPresi.toc'.

\tf@snm=\write8
\openout8 = `LearnBeamerPresi.snm'.

Package atveryend Info: Empty hook `BeforeClearDocument' on input line 1059.
Package atveryend Info: Empty hook `AfterLastShipout' on input line 1059.
 (LearnBeamerPresi.aux)
Package atveryend Info: Executing hook `AtVeryEndDocument' on input line 1059.
Package atveryend Info: Executing hook `AtEndAfterFileList' on input line 1059.

Package rerunfilecheck Info: File `LearnBeamerPresi.out' has not changed.
(rerunfilecheck)             Checksum: 8CEBB4FF96823ECC77F929C275B20E30;228.


LaTeX Font Warning: Some font shapes were not available, defaults substituted.


LaTeX Warning: There were multiply-defined labels.

 ) 
Here is how much of TeX's memory you used:
 24514 strings out of 480931
 526248 string characters out of 2892323
 799668 words of memory out of 3000000
 39640 multiletter control sequences out of 15000+200000
 566354 words of font info for 125 fonts, out of 3000000 for 9000
 1141 hyphenation exceptions out of 8191
 58i,16n,71p,1141b,1560s stack positions out of 5000i,500n,10000p,200000b,50000s
 </Users/javahsu/Library/Application Support/MiKTeX/texmfs/data/fonts/pk/ljfo
ur/jknappen/ec/dpi600/ecso0800.pk> </Users/javahsu/Library/Application Support/
MiKTeX/texmfs/data/fonts/pk/ljfour/jknappen/ec/dpi657/ecso1000.pk></Users/javah
su/Library/Application Support/MiKTeX/texmfs/install/fonts/type1/public/amsfont
s/cm/cmex10.pfb></Users/javahsu/Library/Application Support/MiKTeX/texmfs/insta
ll/fonts/type1/public/amsfonts/cm/cmmi10.pfb></Users/javahsu/Library/Applicatio
n Support/MiKTeX/texmfs/install/fonts/type1/public/amsfonts/cm/cmmi12.pfb></Use
rs/javahsu/Library/Application Support/MiKTeX/texmfs/install/fonts/type1/public
/amsfonts/cm/cmmi5.pfb></Users/javahsu/Library/Application Support/MiKTeX/texmf
s/install/fonts/type1/public/amsfonts/cm/cmmi6.pfb></Users/javahsu/Library/Appl
ication Support/MiKTeX/texmfs/install/fonts/type1/public/amsfonts/cm/cmmi8.pfb>
</Users/javahsu/Library/Application Support/MiKTeX/texmfs/install/fonts/type1/p
ublic/amsfonts/cm/cmmi9.pfb></Users/javahsu/Library/Application Support/MiKTeX/
texmfs/install/fonts/type1/public/amsfonts/cm/cmmib10.pfb></Users/javahsu/Libra
ry/Application Support/MiKTeX/texmfs/install/fonts/type1/public/amsfonts/cm/cmr
10.pfb></Users/javahsu/Library/Application Support/MiKTeX/texmfs/install/fonts/
type1/public/amsfonts/cm/cmr12.pfb></Users/javahsu/Library/Application Support/
MiKTeX/texmfs/install/fonts/type1/public/amsfonts/cm/cmr17.pfb></Users/javahsu/
Library/Application Support/MiKTeX/texmfs/install/fonts/type1/public/amsfonts/c
m/cmss10.pfb></Users/javahsu/Library/Application Support/MiKTeX/texmfs/install/
fonts/type1/public/amsfonts/cm/cmss12.pfb></Users/javahsu/Library/Application S
upport/MiKTeX/texmfs/install/fonts/type1/public/amsfonts/cm/cmss17.pfb></Users/
javahsu/Library/Application Support/MiKTeX/texmfs/install/fonts/type1/public/am
sfonts/cm/cmss8.pfb></Users/javahsu/Library/Application Support/MiKTeX/texmfs/i
nstall/fonts/type1/public/amsfonts/cm/cmss9.pfb></Users/javahsu/Library/Applica
tion Support/MiKTeX/texmfs/install/fonts/type1/public/amsfonts/cm/cmssi10.pfb><
/Users/javahsu/Library/Application Support/MiKTeX/texmfs/install/fonts/type1/pu
blic/amsfonts/cm/cmssi12.pfb></Users/javahsu/Library/Application Support/MiKTeX
/texmfs/install/fonts/type1/public/amsfonts/cm/cmssi8.pfb></Users/javahsu/Libra
ry/Application Support/MiKTeX/texmfs/install/fonts/type1/public/amsfonts/cm/cms
si9.pfb></Users/javahsu/Library/Application Support/MiKTeX/texmfs/install/fonts
/type1/public/amsfonts/cm/cmsy10.pfb></Users/javahsu/Library/Application Suppor
t/MiKTeX/texmfs/install/fonts/type1/public/amsfonts/cm/cmsy5.pfb></Users/javahs
u/Library/Application Support/MiKTeX/texmfs/install/fonts/type1/public/amsfonts
/cm/cmsy6.pfb></Users/javahsu/Library/Application Support/MiKTeX/texmfs/install
/fonts/type1/public/amsfonts/cm/cmsy8.pfb></Users/javahsu/Library/Application S
upport/MiKTeX/texmfs/install/fonts/type1/public/amsfonts/cm/cmsy9.pfb></Users/j
avahsu/Library/Application Support/MiKTeX/texmfs/install/fonts/type1/public/ams
fonts/cm/cmtt10.pfb></Users/javahsu/Library/Application Support/MiKTeX/texmfs/i
nstall/fonts/type1/public/amsfonts/symbols/msbm10.pfb>
Output written on LearnBeamerPresi.pdf (41 pages, 4723684 bytes).
PDF statistics:
 788 PDF objects out of 1000 (max. 8388607)
 97 named destinations out of 1000 (max. 500000)
 352 words of extra memory for PDF output out of 10000 (max. 10000000)

