This is pdfTeX, Version 3.14159265-2.6-1.40.20 (MiKTeX 2.9.7250 64-bit) (preloaded format=pdflatex 2020.1.22)  26 JAN 2020 13:30
entering extended mode
**./LearnBeamer.tex
(LearnBeamer.tex
LaTeX2e <2019-10-01> patch level 3
("C:\Users\jxu\AppData\Local\Programs\MiKTeX 2.9\tex/latex/beamer\beamer.cls"
Document Class: beamer 2019/09/29 v3.57 A class for typesetting presentations

("C:\Users\jxu\AppData\Local\Programs\MiKTeX 2.9\tex/latex/beamer\beamerbasemod
es.sty"
("C:\Users\jxu\AppData\Local\Programs\MiKTeX 2.9\tex/latex/etoolbox\etoolbox.st
y"
Package: etoolbox 2019/09/21 v2.5h e-TeX tools for LaTeX (JAW)
\etb@tempcnta=\count80
)
\beamer@tempbox=\box27
\beamer@tempcount=\count81
\c@beamerpauses=\count82

("C:\Users\jxu\AppData\Local\Programs\MiKTeX 2.9\tex/latex/beamer\beamerbasedec
ode.sty"
\beamer@slideinframe=\count83
\beamer@minimum=\count84
\beamer@decode@box=\box28
)
\beamer@commentbox=\box29
\beamer@modecount=\count85
)
("C:\Users\jxu\AppData\Local\Programs\MiKTeX 2.9\tex/generic/iftex\ifpdf.sty"
Package: ifpdf 2019/10/25 v3.4 ifpdf legacy package. Use iftex instead.

("C:\Users\jxu\AppData\Local\Programs\MiKTeX 2.9\tex/generic/iftex\iftex.sty"
Package: iftex 2019/11/07 v1.0c TeX engine tests
))
\headdp=\dimen102
\footheight=\dimen103
\sidebarheight=\dimen104
\beamer@tempdim=\dimen105
\beamer@finalheight=\dimen106
\beamer@animht=\dimen107
\beamer@animdp=\dimen108
\beamer@animwd=\dimen109
\beamer@leftmargin=\dimen110
\beamer@rightmargin=\dimen111
\beamer@leftsidebar=\dimen112
\beamer@rightsidebar=\dimen113
\beamer@boxsize=\dimen114
\beamer@vboxoffset=\dimen115
\beamer@descdefault=\dimen116
\beamer@descriptionwidth=\dimen117
\beamer@lastskip=\skip41
\beamer@areabox=\box30
\beamer@animcurrent=\box31
\beamer@animshowbox=\box32
\beamer@sectionbox=\box33
\beamer@logobox=\box34
\beamer@linebox=\box35
\beamer@sectioncount=\count86
\beamer@subsubsectionmax=\count87
\beamer@subsectionmax=\count88
\beamer@sectionmax=\count89
\beamer@totalheads=\count90
\beamer@headcounter=\count91
\beamer@partstartpage=\count92
\beamer@sectionstartpage=\count93
\beamer@subsectionstartpage=\count94
\beamer@animationtempa=\count95
\beamer@animationtempb=\count96
\beamer@xpos=\count97
\beamer@ypos=\count98
\beamer@ypos@offset=\count99
\beamer@showpartnumber=\count100
\beamer@currentsubsection=\count101
\beamer@coveringdepth=\count102
\beamer@sectionadjust=\count103
\beamer@tocsectionnumber=\count104

("C:\Users\jxu\AppData\Local\Programs\MiKTeX 2.9\tex/latex/beamer\beamerbaseopt
ions.sty"
("C:\Users\jxu\AppData\Local\Programs\MiKTeX 2.9\tex/latex/graphics\keyval.sty"
Package: keyval 2014/10/28 v1.15 key=value parser (DPC)
\KV@toks@=\toks14
))
\beamer@paperwidth=\skip42
\beamer@paperheight=\skip43

("C:\Users\jxu\AppData\Local\Programs\MiKTeX 2.9\tex/latex/geometry\geometry.st
y"
Package: geometry 2020/01/02 v5.9 Page Geometry
 ("C:\Users\jxu\AppData\Local\Programs\MiKTeX 2.9\tex/generic/iftex\ifvtex.sty"
Package: ifvtex 2019/10/25 v1.7 ifvtex legacy package. Use iftex instead.
)
\Gm@cnth=\count105
\Gm@cntv=\count106
\c@Gm@tempcnt=\count107
\Gm@bindingoffset=\dimen118
\Gm@wd@mp=\dimen119
\Gm@odd@mp=\dimen120
\Gm@even@mp=\dimen121
\Gm@layoutwidth=\dimen122
\Gm@layoutheight=\dimen123
\Gm@layouthoffset=\dimen124
\Gm@layoutvoffset=\dimen125
\Gm@dimlist=\toks15

("C:\Users\jxu\AppData\Local\Programs\MiKTeX 2.9\tex/latex/geometry\geometry.cf
g")) ("C:\Users\jxu\AppData\Local\Programs\MiKTeX 2.9\tex/latex/base\size11.clo
"
File: size11.clo 2019/10/25 v1.4k Standard LaTeX file (size option)
)
("C:\Users\jxu\AppData\Local\Programs\MiKTeX 2.9\tex/latex/pgf/basiclayer\pgfco
re.sty"
("C:\Users\jxu\AppData\Local\Programs\MiKTeX 2.9\tex/latex/graphics\graphicx.st
y"
Package: graphicx 2017/06/01 v1.1a Enhanced LaTeX Graphics (DPC,SPQR)

("C:\Users\jxu\AppData\Local\Programs\MiKTeX 2.9\tex/latex/graphics\graphics.st
y"
Package: graphics 2019/11/01 v1.3d Standard LaTeX Graphics (DPC,SPQR)
 ("C:\Users\jxu\AppData\Local\Programs\MiKTeX 2.9\tex/latex/graphics\trig.sty"
Package: trig 2016/01/03 v1.10 sin cos tan (DPC)
)
("C:\Users\jxu\AppData\Local\Programs\MiKTeX 2.9\tex/latex/graphics-cfg\graphic
s.cfg"
File: graphics.cfg 2016/06/04 v1.11 sample graphics configuration
)
Package graphics Info: Driver file: pdftex.def on input line 105.

("C:\Users\jxu\AppData\Local\Programs\MiKTeX 2.9\tex/latex/graphics-def\pdftex.
def"
File: pdftex.def 2018/01/08 v1.0l Graphics/color driver for pdftex
))
\Gin@req@height=\dimen126
\Gin@req@width=\dimen127
)
("C:\Users\jxu\AppData\Local\Programs\MiKTeX 2.9\tex/latex/pgf/systemlayer\pgfs
ys.sty"
("C:\Users\jxu\AppData\Local\Programs\MiKTeX 2.9\tex/latex/pgf/utilities\pgfrcs
.sty"
("C:\Users\jxu\AppData\Local\Programs\MiKTeX 2.9\tex/generic/pgf/utilities\pgfu
til-common.tex"
\pgfutil@everybye=\toks16
\pgfutil@tempdima=\dimen128
\pgfutil@tempdimb=\dimen129

("C:\Users\jxu\AppData\Local\Programs\MiKTeX 2.9\tex/generic/pgf/utilities\pgfu
til-common-lists.tex"))
("C:\Users\jxu\AppData\Local\Programs\MiKTeX 2.9\tex/generic/pgf/utilities\pgfu
til-latex.def"
\pgfutil@abb=\box36

("C:\Users\jxu\AppData\Local\Programs\MiKTeX 2.9\tex/latex/ms\everyshi.sty"
Package: everyshi 2001/05/15 v3.00 EveryShipout Package (MS)
))
("C:\Users\jxu\AppData\Local\Programs\MiKTeX 2.9\tex/generic/pgf/utilities\pgfr
cs.code.tex"
("C:\Users\jxu\AppData\Local\Programs\MiKTeX 2.9\tex/generic/pgf\pgf.revision.t
ex")
Package: pgfrcs 2020/01/08 v3.1.5b (3.1.5b)
))
("C:\Users\jxu\AppData\Local\Programs\MiKTeX 2.9\tex/generic/pgf/systemlayer\pg
fsys.code.tex"
Package: pgfsys 2020/01/08 v3.1.5b (3.1.5b)

("C:\Users\jxu\AppData\Local\Programs\MiKTeX 2.9\tex/generic/pgf/utilities\pgfk
eys.code.tex"
\pgfkeys@pathtoks=\toks17
\pgfkeys@temptoks=\toks18

("C:\Users\jxu\AppData\Local\Programs\MiKTeX 2.9\tex/generic/pgf/utilities\pgfk
eysfiltered.code.tex"
\pgfkeys@tmptoks=\toks19
))
\pgf@x=\dimen130
\pgf@y=\dimen131
\pgf@xa=\dimen132
\pgf@ya=\dimen133
\pgf@xb=\dimen134
\pgf@yb=\dimen135
\pgf@xc=\dimen136
\pgf@yc=\dimen137
\pgf@xd=\dimen138
\pgf@yd=\dimen139
\w@pgf@writea=\write3
\r@pgf@reada=\read1
\c@pgf@counta=\count108
\c@pgf@countb=\count109
\c@pgf@countc=\count110
\c@pgf@countd=\count111
\t@pgf@toka=\toks20
\t@pgf@tokb=\toks21
\t@pgf@tokc=\toks22
\pgf@sys@id@count=\count112

("C:\Users\jxu\AppData\Local\Programs\MiKTeX 2.9\tex/generic/pgf/systemlayer\pg
f.cfg"
File: pgf.cfg 2020/01/08 v3.1.5b (3.1.5b)
)
Driver file for pgf: pgfsys-pdftex.def

("C:\Users\jxu\AppData\Local\Programs\MiKTeX 2.9\tex/generic/pgf/systemlayer\pg
fsys-pdftex.def"
File: pgfsys-pdftex.def 2020/01/08 v3.1.5b (3.1.5b)

("C:\Users\jxu\AppData\Local\Programs\MiKTeX 2.9\tex/generic/pgf/systemlayer\pg
fsys-common-pdf.def"
File: pgfsys-common-pdf.def 2020/01/08 v3.1.5b (3.1.5b)
)))
("C:\Users\jxu\AppData\Local\Programs\MiKTeX 2.9\tex/generic/pgf/systemlayer\pg
fsyssoftpath.code.tex"
File: pgfsyssoftpath.code.tex 2020/01/08 v3.1.5b (3.1.5b)
\pgfsyssoftpath@smallbuffer@items=\count113
\pgfsyssoftpath@bigbuffer@items=\count114
)
("C:\Users\jxu\AppData\Local\Programs\MiKTeX 2.9\tex/generic/pgf/systemlayer\pg
fsysprotocol.code.tex"
File: pgfsysprotocol.code.tex 2020/01/08 v3.1.5b (3.1.5b)
))
("C:\Users\jxu\AppData\Local\Programs\MiKTeX 2.9\tex/latex/xcolor\xcolor.sty"
Package: xcolor 2016/05/11 v2.12 LaTeX color extensions (UK)

("C:\Users\jxu\AppData\Local\Programs\MiKTeX 2.9\tex/latex/graphics-cfg\color.c
fg"
File: color.cfg 2016/01/02 v1.6 sample color configuration
)
Package xcolor Info: Driver file: pdftex.def on input line 225.
Package xcolor Info: Model `cmy' substituted by `cmy0' on input line 1348.
Package xcolor Info: Model `hsb' substituted by `rgb' on input line 1352.
Package xcolor Info: Model `RGB' extended on input line 1364.
Package xcolor Info: Model `HTML' substituted by `rgb' on input line 1366.
Package xcolor Info: Model `Hsb' substituted by `hsb' on input line 1367.
Package xcolor Info: Model `tHsb' substituted by `hsb' on input line 1368.
Package xcolor Info: Model `HSB' substituted by `hsb' on input line 1369.
Package xcolor Info: Model `Gray' substituted by `gray' on input line 1370.
Package xcolor Info: Model `wave' substituted by `hsb' on input line 1371.
)
("C:\Users\jxu\AppData\Local\Programs\MiKTeX 2.9\tex/generic/pgf/basiclayer\pgf
core.code.tex"
Package: pgfcore 2020/01/08 v3.1.5b (3.1.5b)

("C:\Users\jxu\AppData\Local\Programs\MiKTeX 2.9\tex/generic/pgf/math\pgfmath.c
ode.tex"
("C:\Users\jxu\AppData\Local\Programs\MiKTeX 2.9\tex/generic/pgf/math\pgfmathca
lc.code.tex"
("C:\Users\jxu\AppData\Local\Programs\MiKTeX 2.9\tex/generic/pgf/math\pgfmathut
il.code.tex")
("C:\Users\jxu\AppData\Local\Programs\MiKTeX 2.9\tex/generic/pgf/math\pgfmathpa
rser.code.tex"
\pgfmath@dimen=\dimen140
\pgfmath@count=\count115
\pgfmath@box=\box37
\pgfmath@toks=\toks23
\pgfmath@stack@operand=\toks24
\pgfmath@stack@operation=\toks25
)
("C:\Users\jxu\AppData\Local\Programs\MiKTeX 2.9\tex/generic/pgf/math\pgfmathfu
nctions.code.tex"
("C:\Users\jxu\AppData\Local\Programs\MiKTeX 2.9\tex/generic/pgf/math\pgfmathfu
nctions.basic.code.tex")
("C:\Users\jxu\AppData\Local\Programs\MiKTeX 2.9\tex/generic/pgf/math\pgfmathfu
nctions.trigonometric.code.tex")
("C:\Users\jxu\AppData\Local\Programs\MiKTeX 2.9\tex/generic/pgf/math\pgfmathfu
nctions.random.code.tex")
("C:\Users\jxu\AppData\Local\Programs\MiKTeX 2.9\tex/generic/pgf/math\pgfmathfu
nctions.comparison.code.tex")
("C:\Users\jxu\AppData\Local\Programs\MiKTeX 2.9\tex/generic/pgf/math\pgfmathfu
nctions.base.code.tex")
("C:\Users\jxu\AppData\Local\Programs\MiKTeX 2.9\tex/generic/pgf/math\pgfmathfu
nctions.round.code.tex")
("C:\Users\jxu\AppData\Local\Programs\MiKTeX 2.9\tex/generic/pgf/math\pgfmathfu
nctions.misc.code.tex")
("C:\Users\jxu\AppData\Local\Programs\MiKTeX 2.9\tex/generic/pgf/math\pgfmathfu
nctions.integerarithmetics.code.tex")))
("C:\Users\jxu\AppData\Local\Programs\MiKTeX 2.9\tex/generic/pgf/math\pgfmathfl
oat.code.tex"
\c@pgfmathroundto@lastzeros=\count116
))
("C:\Users\jxu\AppData\Local\Programs\MiKTeX 2.9\tex/generic/pgf/math\pgfint.co
de.tex")
("C:\Users\jxu\AppData\Local\Programs\MiKTeX 2.9\tex/generic/pgf/basiclayer\pgf
corepoints.code.tex"
File: pgfcorepoints.code.tex 2020/01/08 v3.1.5b (3.1.5b)
\pgf@picminx=\dimen141
\pgf@picmaxx=\dimen142
\pgf@picminy=\dimen143
\pgf@picmaxy=\dimen144
\pgf@pathminx=\dimen145
\pgf@pathmaxx=\dimen146
\pgf@pathminy=\dimen147
\pgf@pathmaxy=\dimen148
\pgf@xx=\dimen149
\pgf@xy=\dimen150
\pgf@yx=\dimen151
\pgf@yy=\dimen152
\pgf@zx=\dimen153
\pgf@zy=\dimen154
)
("C:\Users\jxu\AppData\Local\Programs\MiKTeX 2.9\tex/generic/pgf/basiclayer\pgf
corepathconstruct.code.tex"
File: pgfcorepathconstruct.code.tex 2020/01/08 v3.1.5b (3.1.5b)
\pgf@path@lastx=\dimen155
\pgf@path@lasty=\dimen156
)
("C:\Users\jxu\AppData\Local\Programs\MiKTeX 2.9\tex/generic/pgf/basiclayer\pgf
corepathusage.code.tex"
File: pgfcorepathusage.code.tex 2020/01/08 v3.1.5b (3.1.5b)
\pgf@shorten@end@additional=\dimen157
\pgf@shorten@start@additional=\dimen158
)
("C:\Users\jxu\AppData\Local\Programs\MiKTeX 2.9\tex/generic/pgf/basiclayer\pgf
corescopes.code.tex"
File: pgfcorescopes.code.tex 2020/01/08 v3.1.5b (3.1.5b)
\pgfpic=\box38
\pgf@hbox=\box39
\pgf@layerbox@main=\box40
\pgf@picture@serial@count=\count117
)
("C:\Users\jxu\AppData\Local\Programs\MiKTeX 2.9\tex/generic/pgf/basiclayer\pgf
coregraphicstate.code.tex"
File: pgfcoregraphicstate.code.tex 2020/01/08 v3.1.5b (3.1.5b)
\pgflinewidth=\dimen159
)
("C:\Users\jxu\AppData\Local\Programs\MiKTeX 2.9\tex/generic/pgf/basiclayer\pgf
coretransformations.code.tex"
File: pgfcoretransformations.code.tex 2020/01/08 v3.1.5b (3.1.5b)
\pgf@pt@x=\dimen160
\pgf@pt@y=\dimen161
\pgf@pt@temp=\dimen162
)
("C:\Users\jxu\AppData\Local\Programs\MiKTeX 2.9\tex/generic/pgf/basiclayer\pgf
corequick.code.tex"
File: pgfcorequick.code.tex 2020/01/08 v3.1.5b (3.1.5b)
)
("C:\Users\jxu\AppData\Local\Programs\MiKTeX 2.9\tex/generic/pgf/basiclayer\pgf
coreobjects.code.tex"
File: pgfcoreobjects.code.tex 2020/01/08 v3.1.5b (3.1.5b)
)
("C:\Users\jxu\AppData\Local\Programs\MiKTeX 2.9\tex/generic/pgf/basiclayer\pgf
corepathprocessing.code.tex"
File: pgfcorepathprocessing.code.tex 2020/01/08 v3.1.5b (3.1.5b)
)
("C:\Users\jxu\AppData\Local\Programs\MiKTeX 2.9\tex/generic/pgf/basiclayer\pgf
corearrows.code.tex"
File: pgfcorearrows.code.tex 2020/01/08 v3.1.5b (3.1.5b)
\pgfarrowsep=\dimen163
)
("C:\Users\jxu\AppData\Local\Programs\MiKTeX 2.9\tex/generic/pgf/basiclayer\pgf
coreshade.code.tex"
File: pgfcoreshade.code.tex 2020/01/08 v3.1.5b (3.1.5b)
\pgf@max=\dimen164
\pgf@sys@shading@range@num=\count118
\pgf@shadingcount=\count119
)
("C:\Users\jxu\AppData\Local\Programs\MiKTeX 2.9\tex/generic/pgf/basiclayer\pgf
coreimage.code.tex"
File: pgfcoreimage.code.tex 2020/01/08 v3.1.5b (3.1.5b)

("C:\Users\jxu\AppData\Local\Programs\MiKTeX 2.9\tex/generic/pgf/basiclayer\pgf
coreexternal.code.tex"
File: pgfcoreexternal.code.tex 2020/01/08 v3.1.5b (3.1.5b)
\pgfexternal@startupbox=\box41
))
("C:\Users\jxu\AppData\Local\Programs\MiKTeX 2.9\tex/generic/pgf/basiclayer\pgf
corelayers.code.tex"
File: pgfcorelayers.code.tex 2020/01/08 v3.1.5b (3.1.5b)
)
("C:\Users\jxu\AppData\Local\Programs\MiKTeX 2.9\tex/generic/pgf/basiclayer\pgf
coretransparency.code.tex"
File: pgfcoretransparency.code.tex 2020/01/08 v3.1.5b (3.1.5b)
)
("C:\Users\jxu\AppData\Local\Programs\MiKTeX 2.9\tex/generic/pgf/basiclayer\pgf
corepatterns.code.tex"
File: pgfcorepatterns.code.tex 2020/01/08 v3.1.5b (3.1.5b)
)
("C:\Users\jxu\AppData\Local\Programs\MiKTeX 2.9\tex/generic/pgf/basiclayer\pgf
corerdf.code.tex"
File: pgfcorerdf.code.tex 2020/01/08 v3.1.5b (3.1.5b)
)))
("C:\Users\jxu\AppData\Local\Programs\MiKTeX 2.9\tex/latex/pgf/utilities\xxcolo
r.sty"
Package: xxcolor 2003/10/24 ver 0.1
\XC@nummixins=\count120
\XC@countmixins=\count121
)
("C:\Users\jxu\AppData\Local\Programs\MiKTeX 2.9\tex/generic/oberdiek\atbegshi.
sty"
Package: atbegshi 2016/06/09 v1.18 At begin shipout hook (HO)

("C:\Users\jxu\AppData\Local\Programs\MiKTeX 2.9\tex/generic/oberdiek\infwarerr
.sty"
Package: infwarerr 2016/05/16 v1.4 Providing info/warning/error messages (HO)
)
("C:\Users\jxu\AppData\Local\Programs\MiKTeX 2.9\tex/generic/oberdiek\ltxcmds.s
ty"
Package: ltxcmds 2016/05/16 v1.23 LaTeX kernel commands for general use (HO)
))
("C:\Users\jxu\AppData\Local\Programs\MiKTeX 2.9\tex/latex/hyperref\hyperref.st
y"
Package: hyperref 2019/11/10 v7.00c Hypertext links for LaTeX

("C:\Users\jxu\AppData\Local\Programs\MiKTeX 2.9\tex/latex/pdftexcmds\pdftexcmd
s.sty"
Package: pdftexcmds 2019/11/24 v0.31 Utility functions of pdfTeX for LuaTeX (HO
)
Package pdftexcmds Info: \pdf@primitive is available.
Package pdftexcmds Info: \pdf@ifprimitive is available.
Package pdftexcmds Info: \pdfdraftmode found.
)
("C:\Users\jxu\AppData\Local\Programs\MiKTeX 2.9\tex/generic/oberdiek\kvsetkeys
.sty"
Package: kvsetkeys 2016/05/16 v1.17 Key value parser (HO)

("C:\Users\jxu\AppData\Local\Programs\MiKTeX 2.9\tex/generic/oberdiek\etexcmds.
sty"
Package: etexcmds 2016/05/16 v1.6 Avoid name clashes with e-TeX commands (HO)

("C:\Users\jxu\AppData\Local\Programs\MiKTeX 2.9\tex/generic/iftex\ifluatex.sty
"
Package: ifluatex 2019/10/25 v1.5 ifluatex legacy package. Use iftex instead.
)))
("C:\Users\jxu\AppData\Local\Programs\MiKTeX 2.9\tex/generic/oberdiek\kvdefinek
eys.sty"
Package: kvdefinekeys 2016/05/16 v1.4 Define keys (HO)
)
("C:\Users\jxu\AppData\Local\Programs\MiKTeX 2.9\tex/generic/oberdiek\pdfescape
.sty"
Package: pdfescape 2016/05/16 v1.14 Implements pdfTeX's escape features (HO)
)
("C:\Users\jxu\AppData\Local\Programs\MiKTeX 2.9\tex/latex/oberdiek\hycolor.sty
"
Package: hycolor 2016/05/16 v1.8 Color options for hyperref/bookmark (HO)

("C:\Users\jxu\AppData\Local\Programs\MiKTeX 2.9\tex/latex/oberdiek\xcolor-patc
h.sty"
Package: xcolor-patch 2016/05/16 xcolor patch

("C:\Users\jxu\AppData\Local\Programs\MiKTeX 2.9\tex/latex/oberdiek\hopatch.sty
"
Package: hopatch 2016/05/16 v1.3 Wrapper for package hooks (HO)
)))
("C:\Users\jxu\AppData\Local\Programs\MiKTeX 2.9\tex/latex/oberdiek\letltxmacro
.sty"
Package: letltxmacro 2016/05/16 v1.5 Let assignment for LaTeX macros (HO)
)
("C:\Users\jxu\AppData\Local\Programs\MiKTeX 2.9\tex/latex/oberdiek\auxhook.sty
"
Package: auxhook 2016/05/16 v1.4 Hooks for auxiliary files (HO)
)
("C:\Users\jxu\AppData\Local\Programs\MiKTeX 2.9\tex/latex/oberdiek\kvoptions.s
ty"
Package: kvoptions 2016/05/16 v3.12 Key value format for package options (HO)
)
\@linkdim=\dimen165
\Hy@linkcounter=\count122
\Hy@pagecounter=\count123

("C:\Users\jxu\AppData\Local\Programs\MiKTeX 2.9\tex/latex/hyperref\pd1enc.def"
File: pd1enc.def 2019/11/10 v7.00c Hyperref: PDFDocEncoding definition (HO)
Now handling font encoding PD1 ...
... no UTF-8 mapping file for font encoding PD1
)
("C:\Users\jxu\AppData\Local\Programs\MiKTeX 2.9\tex/generic/oberdiek\intcalc.s
ty"
Package: intcalc 2016/05/16 v1.2 Expandable calculations with integers (HO)
)
\Hy@SavedSpaceFactor=\count124

("C:\Users\jxu\AppData\Local\Programs\MiKTeX 2.9\tex/latex/00miktex\hyperref.cf
g"
File: hyperref.cfg 2002/06/06 v1.2 hyperref configuration of TeXLive
)
Package hyperref Info: Option `bookmarks' set `true' on input line 4409.
Package hyperref Info: Option `bookmarksopen' set `true' on input line 4409.
Package hyperref Info: Option `implicit' set `false' on input line 4409.
Package hyperref Info: Hyper figures OFF on input line 4535.
Package hyperref Info: Link nesting OFF on input line 4540.
Package hyperref Info: Hyper index ON on input line 4543.
Package hyperref Info: Plain pages OFF on input line 4550.
Package hyperref Info: Backreferencing OFF on input line 4555.
Package hyperref Info: Implicit mode OFF; no redefinition of LaTeX internals.
Package hyperref Info: Bookmarks ON on input line 4788.
\c@Hy@tempcnt=\count125
 ("C:\Users\jxu\AppData\Local\Programs\MiKTeX 2.9\tex/latex/url\url.sty"
\Urlmuskip=\muskip10
Package: url 2013/09/16  ver 3.4  Verb mode for urls, etc.
)
LaTeX Info: Redefining \url on input line 5147.
\XeTeXLinkMargin=\dimen166

("C:\Users\jxu\AppData\Local\Programs\MiKTeX 2.9\tex/generic/oberdiek\bitset.st
y"
Package: bitset 2016/05/16 v1.2 Handle bit-vector datatype (HO)

("C:\Users\jxu\AppData\Local\Programs\MiKTeX 2.9\tex/generic/oberdiek\bigintcal
c.sty"
Package: bigintcalc 2016/05/16 v1.4 Expandable calculations on big integers (HO
)
))
\Fld@menulength=\count126
\Field@Width=\dimen167
\Fld@charsize=\dimen168
Package hyperref Info: Hyper figures OFF on input line 6418.
Package hyperref Info: Link nesting OFF on input line 6423.
Package hyperref Info: Hyper index ON on input line 6426.
Package hyperref Info: backreferencing OFF on input line 6433.
Package hyperref Info: Link coloring OFF on input line 6438.
Package hyperref Info: Link coloring with OCG OFF on input line 6443.
Package hyperref Info: PDF/A mode OFF on input line 6448.
LaTeX Info: Redefining \ref on input line 6488.
LaTeX Info: Redefining \pageref on input line 6492.
\Hy@abspage=\count127


Package hyperref Message: Stopped early.

)
Package hyperref Info: Driver (autodetected): hpdftex.

("C:\Users\jxu\AppData\Local\Programs\MiKTeX 2.9\tex/latex/hyperref\hpdftex.def
"
File: hpdftex.def 2019/11/10 v7.00c Hyperref driver for pdfTeX

("C:\Users\jxu\AppData\Local\Programs\MiKTeX 2.9\tex/latex/oberdiek\atveryend.s
ty"
Package: atveryend 2016/05/16 v1.9 Hooks at the very end of document (HO)
)
\Fld@listcount=\count128
\c@bookmark@seq@number=\count129

("C:\Users\jxu\AppData\Local\Programs\MiKTeX 2.9\tex/latex/oberdiek\rerunfilech
eck.sty"
Package: rerunfilecheck 2016/05/16 v1.8 Rerun checks for auxiliary files (HO)

("C:\Users\jxu\AppData\Local\Programs\MiKTeX 2.9\tex/generic/oberdiek\uniquecou
nter.sty"
Package: uniquecounter 2016/05/16 v1.3 Provide unlimited unique counter (HO)
)
Package uniquecounter Info: New unique counter `rerunfilecheck' on input line 2
85.
))
("C:\Users\jxu\AppData\Local\Programs\MiKTeX 2.9\tex/latex/beamer\beamerbasereq
uires.sty"
("C:\Users\jxu\AppData\Local\Programs\MiKTeX 2.9\tex/latex/beamer\beamerbasecom
patibility.sty")
("C:\Users\jxu\AppData\Local\Programs\MiKTeX 2.9\tex/latex/beamer\beamerbasefon
t.sty"
("C:\Users\jxu\AppData\Local\Programs\MiKTeX 2.9\tex/latex/amsfonts\amssymb.sty
"
Package: amssymb 2013/01/14 v3.01 AMS font symbols

("C:\Users\jxu\AppData\Local\Programs\MiKTeX 2.9\tex/latex/amsfonts\amsfonts.st
y"
Package: amsfonts 2013/01/14 v3.01 Basic AMSFonts support
\@emptytoks=\toks26
\symAMSa=\mathgroup4
\symAMSb=\mathgroup5
LaTeX Font Info:    Redeclaring math symbol \hbar on input line 98.
LaTeX Font Info:    Overwriting math alphabet `\mathfrak' in version `bold'
(Font)                  U/euf/m/n --> U/euf/b/n on input line 106.
))
("C:\Users\jxu\AppData\Local\Programs\MiKTeX 2.9\tex/latex/sansmathaccent\sansm
athaccent.sty"
Package: sansmathaccent 2013/03/28

("C:\Users\jxu\AppData\Local\Programs\MiKTeX 2.9\tex/latex/filehook\filehook.st
y"
Package: filehook 2019/10/03 v0.6 Hooks for input files
)))
("C:\Users\jxu\AppData\Local\Programs\MiKTeX 2.9\tex/latex/beamer\beamerbasetra
nslator.sty"
("C:\Users\jxu\AppData\Local\Programs\MiKTeX 2.9\tex/latex/translator\translato
r.sty"
Package: translator 2019-05-31 v1.12a Easy translation of strings in LaTeX
))
("C:\Users\jxu\AppData\Local\Programs\MiKTeX 2.9\tex/latex/beamer\beamerbasemis
c.sty")
("C:\Users\jxu\AppData\Local\Programs\MiKTeX 2.9\tex/latex/beamer\beamerbasetwo
screens.sty")
("C:\Users\jxu\AppData\Local\Programs\MiKTeX 2.9\tex/latex/beamer\beamerbaseove
rlay.sty"
\beamer@argscount=\count130
\beamer@lastskipcover=\skip44
\beamer@trivlistdepth=\count131
)
("C:\Users\jxu\AppData\Local\Programs\MiKTeX 2.9\tex/latex/beamer\beamerbasetit
le.sty")
("C:\Users\jxu\AppData\Local\Programs\MiKTeX 2.9\tex/latex/beamer\beamerbasesec
tion.sty"
\c@lecture=\count132
\c@part=\count133
\c@section=\count134
\c@subsection=\count135
\c@subsubsection=\count136
)
("C:\Users\jxu\AppData\Local\Programs\MiKTeX 2.9\tex/latex/beamer\beamerbasefra
me.sty"
\beamer@framebox=\box42
\beamer@frametitlebox=\box43
\beamer@zoombox=\box44
\beamer@zoomcount=\count137
\beamer@zoomframecount=\count138
\beamer@frametextheight=\dimen169
\c@subsectionslide=\count139
\beamer@frametopskip=\skip45
\beamer@framebottomskip=\skip46
\beamer@frametopskipautobreak=\skip47
\beamer@framebottomskipautobreak=\skip48
\beamer@envbody=\toks27
\framewidth=\dimen170
\c@framenumber=\count140
)
("C:\Users\jxu\AppData\Local\Programs\MiKTeX 2.9\tex/latex/beamer\beamerbasever
batim.sty"
\beamer@verbatimfileout=\write4
)
("C:\Users\jxu\AppData\Local\Programs\MiKTeX 2.9\tex/latex/beamer\beamerbasefra
mesize.sty"
\beamer@splitbox=\box45
\beamer@autobreakcount=\count141
\beamer@autobreaklastheight=\dimen171
\beamer@frametitletoks=\toks28
\beamer@framesubtitletoks=\toks29
)
("C:\Users\jxu\AppData\Local\Programs\MiKTeX 2.9\tex/latex/beamer\beamerbasefra
mecomponents.sty"
\beamer@footins=\box46
)
("C:\Users\jxu\AppData\Local\Programs\MiKTeX 2.9\tex/latex/beamer\beamerbasecol
or.sty")
("C:\Users\jxu\AppData\Local\Programs\MiKTeX 2.9\tex/latex/beamer\beamerbasenot
es.sty"
\beamer@frameboxcopy=\box47
)
("C:\Users\jxu\AppData\Local\Programs\MiKTeX 2.9\tex/latex/beamer\beamerbasetoc
.sty")
("C:\Users\jxu\AppData\Local\Programs\MiKTeX 2.9\tex/latex/beamer\beamerbasetem
plates.sty"
\beamer@sbttoks=\toks30

("C:\Users\jxu\AppData\Local\Programs\MiKTeX 2.9\tex/latex/beamer\beamerbaseaux
templates.sty"
("C:\Users\jxu\AppData\Local\Programs\MiKTeX 2.9\tex/latex/beamer\beamerbasebox
es.sty"
\bmb@box=\box48
\bmb@colorbox=\box49
\bmb@boxshadow=\box50
\bmb@boxshadowball=\box51
\bmb@boxshadowballlarge=\box52
\bmb@temp=\dimen172
\bmb@dima=\dimen173
\bmb@dimb=\dimen174
\bmb@prevheight=\dimen175
)
\beamer@blockheadheight=\dimen176
))
("C:\Users\jxu\AppData\Local\Programs\MiKTeX 2.9\tex/latex/beamer\beamerbaseloc
alstructure.sty"
("C:\Users\jxu\AppData\Local\Programs\MiKTeX 2.9\tex/latex/tools\enumerate.sty"
Package: enumerate 2015/07/23 v3.00 enumerate extensions (DPC)
\@enLab=\toks31
)
\c@figure=\count142
\c@table=\count143
\abovecaptionskip=\skip49
\belowcaptionskip=\skip50
)
("C:\Users\jxu\AppData\Local\Programs\MiKTeX 2.9\tex/latex/beamer\beamerbasenav
igation.sty"
\beamer@section@min@dim=\dimen177
)
("C:\Users\jxu\AppData\Local\Programs\MiKTeX 2.9\tex/latex/beamer\beamerbasethe
orems.sty"
("C:\Users\jxu\AppData\Local\Programs\MiKTeX 2.9\tex/latex/amsmath\amsmath.sty"
Package: amsmath 2019/11/16 v2.17d AMS math features
\@mathmargin=\skip51
For additional information on amsmath, use the `?' option.
("C:\Users\jxu\AppData\Local\Programs\MiKTeX 2.9\tex/latex/amsmath\amstext.sty"
Package: amstext 2000/06/29 v2.01 AMS text
("C:\Users\jxu\AppData\Local\Programs\MiKTeX 2.9\tex/latex/amsmath\amsgen.sty"
File: amsgen.sty 1999/11/30 v2.0 generic functions
\@emptytoks=\toks32
\ex@=\dimen178
)) ("C:\Users\jxu\AppData\Local\Programs\MiKTeX 2.9\tex/latex/amsmath\amsbsy.st
y"
Package: amsbsy 1999/11/29 v1.2d Bold Symbols
\pmbraise@=\dimen179
) ("C:\Users\jxu\AppData\Local\Programs\MiKTeX 2.9\tex/latex/amsmath\amsopn.sty
"
Package: amsopn 2016/03/08 v2.02 operator names
)
\inf@bad=\count144
LaTeX Info: Redefining \frac on input line 227.
\uproot@=\count145
\leftroot@=\count146
LaTeX Info: Redefining \overline on input line 389.
\classnum@=\count147
\DOTSCASE@=\count148
LaTeX Info: Redefining \ldots on input line 486.
LaTeX Info: Redefining \dots on input line 489.
LaTeX Info: Redefining \cdots on input line 610.
\Mathstrutbox@=\box53
\strutbox@=\box54
\big@size=\dimen180
LaTeX Font Info:    Redeclaring font encoding OML on input line 733.
LaTeX Font Info:    Redeclaring font encoding OMS on input line 734.
\macc@depth=\count149
\c@MaxMatrixCols=\count150
\dotsspace@=\muskip11
\c@parentequation=\count151
\dspbrk@lvl=\count152
\tag@help=\toks33
\row@=\count153
\column@=\count154
\maxfields@=\count155
\andhelp@=\toks34
\eqnshift@=\dimen181
\alignsep@=\dimen182
\tagshift@=\dimen183
\tagwidth@=\dimen184
\totwidth@=\dimen185
\lineht@=\dimen186
\@envbody=\toks35
\multlinegap=\skip52
\multlinetaggap=\skip53
\mathdisplay@stack=\toks36
LaTeX Info: Redefining \[ on input line 2858.
LaTeX Info: Redefining \] on input line 2859.
)
("C:\Users\jxu\AppData\Local\Programs\MiKTeX 2.9\tex/latex/amscls\amsthm.sty"
Package: amsthm 2017/10/31 v2.20.4
\thm@style=\toks37
\thm@bodyfont=\toks38
\thm@headfont=\toks39
\thm@notefont=\toks40
\thm@headpunct=\toks41
\thm@preskip=\skip54
\thm@postskip=\skip55
\thm@headsep=\skip56
\dth@everypar=\toks42
)
\c@theorem=\count156
)
("C:\Users\jxu\AppData\Local\Programs\MiKTeX 2.9\tex/latex/beamer\beamerbasethe
mes.sty"))
("C:\Users\jxu\AppData\Local\Programs\MiKTeX 2.9\tex/latex/beamer\beamerthemede
fault.sty"
("C:\Users\jxu\AppData\Local\Programs\MiKTeX 2.9\tex/latex/beamer\beamerfontthe
medefault.sty")
("C:\Users\jxu\AppData\Local\Programs\MiKTeX 2.9\tex/latex/beamer\beamercolorth
emedefault.sty")
("C:\Users\jxu\AppData\Local\Programs\MiKTeX 2.9\tex/latex/beamer\beamerinnerth
emedefault.sty"
\beamer@dima=\dimen187
\beamer@dimb=\dimen188
)
("C:\Users\jxu\AppData\Local\Programs\MiKTeX 2.9\tex/latex/beamer\beamerouterth
emedefault.sty")))
("C:\Users\jxu\AppData\Local\Programs\MiKTeX 2.9\tex/latex/preprint\authblk.sty
"
Package: authblk 2001/02/27 1.3 (PWD)
\affilsep=\skip57
\@affilsep=\skip58
\c@Maxaffil=\count157
\c@authors=\count158
\c@affil=\count159
)
("C:\Users\jxu\AppData\Local\Programs\MiKTeX 2.9\tex/latex/preprint\fullpage.st
y"
Package: fullpage 1999/02/23 1.1 (PWD)
\FP@margin=\skip59
) ("C:\Users\jxu\AppData\Local\Programs\MiKTeX 2.9\tex/latex/tools\theorem.sty"
Package: theorem 2014/10/28 v2.2c Theorem extension package (FMi)
\theorem@style=\toks43
\theorem@bodyfont=\toks44
\theorempreskipamount=\skip60
\theorempostskipamount=\skip61
 ("C:\Users\jxu\AppData\Local\Programs\MiKTeX 2.9\tex/latex/tools\thp.sty"
File: thp.sty 2014/10/28 v2.2c Theorem extension package (FMi)
))
("C:\Users\jxu\AppData\Local\Programs\MiKTeX 2.9\tex/latex/ragged2e\ragged2e.st
y"
Package: ragged2e 2019/07/28 v2.2 ragged2e Package (MS)
 ("C:\Users\jxu\AppData\Local\Programs\MiKTeX 2.9\tex/latex/ms\everysel.sty"
Package: everysel 2011/10/28 v1.2 EverySelectfont Package (MS)
)
\CenteringLeftskip=\skip62
\RaggedLeftLeftskip=\skip63
\RaggedRightLeftskip=\skip64
\CenteringRightskip=\skip65
\RaggedLeftRightskip=\skip66
\RaggedRightRightskip=\skip67
\CenteringParfillskip=\skip68
\RaggedLeftParfillskip=\skip69
\RaggedRightParfillskip=\skip70
\JustifyingParfillskip=\skip71
\CenteringParindent=\skip72
\RaggedLeftParindent=\skip73
\RaggedRightParindent=\skip74
\JustifyingParindent=\skip75
)
("C:\Users\jxu\AppData\Local\Programs\MiKTeX 2.9\tex/latex/pgf/frontendlayer\ti
kz.sty"
("C:\Users\jxu\AppData\Local\Programs\MiKTeX 2.9\tex/latex/pgf/basiclayer\pgf.s
ty"
Package: pgf 2020/01/08 v3.1.5b (3.1.5b)

("C:\Users\jxu\AppData\Local\Programs\MiKTeX 2.9\tex/generic/pgf/modules\pgfmod
uleshapes.code.tex"
File: pgfmoduleshapes.code.tex 2020/01/08 v3.1.5b (3.1.5b)
\pgfnodeparttextbox=\box55
)
("C:\Users\jxu\AppData\Local\Programs\MiKTeX 2.9\tex/generic/pgf/modules\pgfmod
uleplot.code.tex"
File: pgfmoduleplot.code.tex 2020/01/08 v3.1.5b (3.1.5b)
)
("C:\Users\jxu\AppData\Local\Programs\MiKTeX 2.9\tex/latex/pgf/compatibility\pg
fcomp-version-0-65.sty"
Package: pgfcomp-version-0-65 2020/01/08 v3.1.5b (3.1.5b)
\pgf@nodesepstart=\dimen189
\pgf@nodesepend=\dimen190
)
("C:\Users\jxu\AppData\Local\Programs\MiKTeX 2.9\tex/latex/pgf/compatibility\pg
fcomp-version-1-18.sty"
Package: pgfcomp-version-1-18 2020/01/08 v3.1.5b (3.1.5b)
))
("C:\Users\jxu\AppData\Local\Programs\MiKTeX 2.9\tex/latex/pgf/utilities\pgffor
.sty"
("C:\Users\jxu\AppData\Local\Programs\MiKTeX 2.9\tex/latex/pgf/utilities\pgfkey
s.sty"
("C:\Users\jxu\AppData\Local\Programs\MiKTeX 2.9\tex/generic/pgf/utilities\pgfk
eys.code.tex"))
("C:\Users\jxu\AppData\Local\Programs\MiKTeX 2.9\tex/latex/pgf/math\pgfmath.sty
"
("C:\Users\jxu\AppData\Local\Programs\MiKTeX 2.9\tex/generic/pgf/math\pgfmath.c
ode.tex"))
("C:\Users\jxu\AppData\Local\Programs\MiKTeX 2.9\tex/generic/pgf/utilities\pgff
or.code.tex"
Package: pgffor 2020/01/08 v3.1.5b (3.1.5b)

("C:\Users\jxu\AppData\Local\Programs\MiKTeX 2.9\tex/generic/pgf/math\pgfmath.c
ode.tex")
\pgffor@iter=\dimen191
\pgffor@skip=\dimen192
\pgffor@stack=\toks45
\pgffor@toks=\toks46
))
("C:\Users\jxu\AppData\Local\Programs\MiKTeX 2.9\tex/generic/pgf/frontendlayer/
tikz\tikz.code.tex"
Package: tikz 2020/01/08 v3.1.5b (3.1.5b)

("C:\Users\jxu\AppData\Local\Programs\MiKTeX 2.9\tex/generic/pgf/libraries\pgfl
ibraryplothandlers.code.tex"
File: pgflibraryplothandlers.code.tex 2020/01/08 v3.1.5b (3.1.5b)
\pgf@plot@mark@count=\count160
\pgfplotmarksize=\dimen193
)
\tikz@lastx=\dimen194
\tikz@lasty=\dimen195
\tikz@lastxsaved=\dimen196
\tikz@lastysaved=\dimen197
\tikz@lastmovetox=\dimen198
\tikz@lastmovetoy=\dimen199
\tikzleveldistance=\dimen256
\tikzsiblingdistance=\dimen257
\tikz@figbox=\box56
\tikz@figbox@bg=\box57
\tikz@tempbox=\box58
\tikz@tempbox@bg=\box59
\tikztreelevel=\count161
\tikznumberofchildren=\count162
\tikznumberofcurrentchild=\count163
\tikz@fig@count=\count164

("C:\Users\jxu\AppData\Local\Programs\MiKTeX 2.9\tex/generic/pgf/modules\pgfmod
ulematrix.code.tex"
File: pgfmodulematrix.code.tex 2020/01/08 v3.1.5b (3.1.5b)
\pgfmatrixcurrentrow=\count165
\pgfmatrixcurrentcolumn=\count166
\pgf@matrix@numberofcolumns=\count167
)
\tikz@expandcount=\count168

("C:\Users\jxu\AppData\Local\Programs\MiKTeX 2.9\tex/generic/pgf/frontendlayer/
tikz/libraries\tikzlibrarytopaths.code.tex"
File: tikzlibrarytopaths.code.tex 2020/01/08 v3.1.5b (3.1.5b)
)))
("C:\Users\jxu\AppData\Local\Programs\MiKTeX 2.9\tex/latex/booktabs\booktabs.st
y"
Package: booktabs 2020/01/12 v1.61803398 Publication quality tables
\heavyrulewidth=\dimen258
\lightrulewidth=\dimen259
\cmidrulewidth=\dimen260
\belowrulesep=\dimen261
\belowbottomsep=\dimen262
\aboverulesep=\dimen263
\abovetopsep=\dimen264
\cmidrulesep=\dimen265
\cmidrulekern=\dimen266
\defaultaddspace=\dimen267
\@cmidla=\count169
\@cmidlb=\count170
\@aboverulesep=\dimen268
\@belowrulesep=\dimen269
\@thisruleclass=\count171
\@lastruleclass=\count172
\@thisrulewidth=\dimen270
)
\sympureletters=\mathgroup6
LaTeX Font Info:    Overwriting symbol font `pureletters' in version `bold'
(Font)                  OT1/mathkerncmss/m/sl --> OT1/mathkerncmss/bx/sl on inp
ut line 11.
 ("C:\Users\jxu\AppData\Local\Programs\MiKTeX 2.9\tex/latex/tools\bm.sty"
Package: bm 2019/07/24 v1.2d Bold Symbol Support (DPC/FMi)
\symboldoperators=\mathgroup7
\symboldletters=\mathgroup8
\symboldsymbols=\mathgroup9
\symboldpureletters=\mathgroup10
LaTeX Font Info:    Redeclaring math alphabet \mathbf on input line 141.
LaTeX Info: Redefining \bm on input line 209.
)
("C:\Users\jxu\AppData\Local\Programs\MiKTeX 2.9\tex/generic/pgf/frontendlayer/
tikz/libraries\tikzlibraryshapes.code.tex"
File: tikzlibraryshapes.code.tex 2020/01/08 v3.1.5b (3.1.5b)

("C:\Users\jxu\AppData\Local\Programs\MiKTeX 2.9\tex/generic/pgf/frontendlayer/
tikz/libraries\tikzlibraryshapes.geometric.code.tex"
File: tikzlibraryshapes.geometric.code.tex 2020/01/08 v3.1.5b (3.1.5b)

("C:\Users\jxu\AppData\Local\Programs\MiKTeX 2.9\tex/generic/pgf/libraries/shap
es\pgflibraryshapes.geometric.code.tex"
File: pgflibraryshapes.geometric.code.tex 2020/01/08 v3.1.5b (3.1.5b)
))
("C:\Users\jxu\AppData\Local\Programs\MiKTeX 2.9\tex/generic/pgf/frontendlayer/
tikz/libraries\tikzlibraryshapes.misc.code.tex"
File: tikzlibraryshapes.misc.code.tex 2020/01/08 v3.1.5b (3.1.5b)

("C:\Users\jxu\AppData\Local\Programs\MiKTeX 2.9\tex/generic/pgf/libraries/shap
es\pgflibraryshapes.misc.code.tex"
File: pgflibraryshapes.misc.code.tex 2020/01/08 v3.1.5b (3.1.5b)
))
("C:\Users\jxu\AppData\Local\Programs\MiKTeX 2.9\tex/generic/pgf/frontendlayer/
tikz/libraries\tikzlibraryshapes.symbols.code.tex"
File: tikzlibraryshapes.symbols.code.tex 2020/01/08 v3.1.5b (3.1.5b)

("C:\Users\jxu\AppData\Local\Programs\MiKTeX 2.9\tex/generic/pgf/libraries/shap
es\pgflibraryshapes.symbols.code.tex"
File: pgflibraryshapes.symbols.code.tex 2020/01/08 v3.1.5b (3.1.5b)
))
("C:\Users\jxu\AppData\Local\Programs\MiKTeX 2.9\tex/generic/pgf/frontendlayer/
tikz/libraries\tikzlibraryshapes.arrows.code.tex"
File: tikzlibraryshapes.arrows.code.tex 2020/01/08 v3.1.5b (3.1.5b)

("C:\Users\jxu\AppData\Local\Programs\MiKTeX 2.9\tex/generic/pgf/libraries/shap
es\pgflibraryshapes.arrows.code.tex"
File: pgflibraryshapes.arrows.code.tex 2020/01/08 v3.1.5b (3.1.5b)
))
("C:\Users\jxu\AppData\Local\Programs\MiKTeX 2.9\tex/generic/pgf/frontendlayer/
tikz/libraries\tikzlibraryshapes.callouts.code.tex"
("C:\Users\jxu\AppData\Local\Programs\MiKTeX 2.9\tex/generic/pgf/libraries/shap
es\pgflibraryshapes.callouts.code.tex"))
("C:\Users\jxu\AppData\Local\Programs\MiKTeX 2.9\tex/generic/pgf/frontendlayer/
tikz/libraries\tikzlibraryshapes.multipart.code.tex"
File: tikzlibraryshapes.multipart.code.tex 2020/01/08 v3.1.5b (3.1.5b)

("C:\Users\jxu\AppData\Local\Programs\MiKTeX 2.9\tex/generic/pgf/libraries/shap
es\pgflibraryshapes.multipart.code.tex"
File: pgflibraryshapes.multipart.code.tex 2020/01/08 v3.1.5b (3.1.5b)
\pgfnodepartlowerbox=\box60
\pgfnodeparttwobox=\box61
\pgfnodepartthreebox=\box62
\pgfnodepartfourbox=\box63
\pgfnodeparttwentybox=\box64
\pgfnodepartnineteenbox=\box65
\pgfnodeparteighteenbox=\box66
\pgfnodepartseventeenbox=\box67
\pgfnodepartsixteenbox=\box68
\pgfnodepartfifteenbox=\box69
\pgfnodepartfourteenbox=\box70
\pgfnodepartthirteenbox=\box71
\pgfnodeparttwelvebox=\box72
\pgfnodepartelevenbox=\box73
\pgfnodeparttenbox=\box74
\pgfnodepartninebox=\box75
\pgfnodeparteightbox=\box76
\pgfnodepartsevenbox=\box77
\pgfnodepartsixbox=\box78
\pgfnodepartfivebox=\box79
)))
("C:\Users\jxu\AppData\Local\Programs\MiKTeX 2.9\tex/generic/pgf/frontendlayer/
tikz/libraries\tikzlibraryarrows.code.tex"
File: tikzlibraryarrows.code.tex 2020/01/08 v3.1.5b (3.1.5b)

("C:\Users\jxu\AppData\Local\Programs\MiKTeX 2.9\tex/generic/pgf/libraries\pgfl
ibraryarrows.code.tex"
File: pgflibraryarrows.code.tex 2020/01/08 v3.1.5b (3.1.5b)
\arrowsize=\dimen271
))
("C:\Users\jxu\AppData\Local\Programs\MiKTeX 2.9\tex/generic/pgf/frontendlayer/
tikz/libraries\tikzlibrarypositioning.code.tex"
File: tikzlibrarypositioning.code.tex 2020/01/08 v3.1.5b (3.1.5b)
)
("C:\Users\jxu\AppData\Local\Programs\MiKTeX 2.9\tex/latex/beamer\beamerthemeMa
drid.sty"
("C:\Users\jxu\AppData\Local\Programs\MiKTeX 2.9\tex/latex/beamer\beamercolorth
emewhale.sty")
("C:\Users\jxu\AppData\Local\Programs\MiKTeX 2.9\tex/latex/beamer\beamercolorth
emeorchid.sty")
("C:\Users\jxu\AppData\Local\Programs\MiKTeX 2.9\tex/latex/beamer\beamerinnerth
emerounded.sty")
("C:\Users\jxu\AppData\Local\Programs\MiKTeX 2.9\tex/latex/beamer\beamerouterth
emeinfolines.sty"))
("C:\Users\jxu\AppData\Local\Programs\MiKTeX 2.9\tex/latex/beamer\beamercolorth
emebeaver.sty") (LearnBeamer.aux

LaTeX Warning: Label `eq:rregress' multiply defined.


LaTeX Warning: Label `eq:rregress' multiply defined.


LaTeX Warning: Label `tab:regressrank' multiply defined.


LaTeX Warning: Label `eq:rregress' multiply defined.


LaTeX Warning: Label `tab:regressrank' multiply defined.

)
\openout1 = `LearnBeamer.aux'.

LaTeX Font Info:    Checking defaults for OML/cmm/m/it on input line 124.
LaTeX Font Info:    ... okay on input line 124.
LaTeX Font Info:    Checking defaults for T1/cmr/m/n on input line 124.
LaTeX Font Info:    ... okay on input line 124.
LaTeX Font Info:    Checking defaults for OT1/cmr/m/n on input line 124.
LaTeX Font Info:    ... okay on input line 124.
LaTeX Font Info:    Checking defaults for OMS/cmsy/m/n on input line 124.
LaTeX Font Info:    ... okay on input line 124.
LaTeX Font Info:    Checking defaults for OMX/cmex/m/n on input line 124.
LaTeX Font Info:    ... okay on input line 124.
LaTeX Font Info:    Checking defaults for U/cmr/m/n on input line 124.
LaTeX Font Info:    ... okay on input line 124.
LaTeX Font Info:    Checking defaults for PD1/pdf/m/n on input line 124.
LaTeX Font Info:    ... okay on input line 124.

*geometry* driver: auto-detecting
*geometry* detected driver: pdftex
*geometry* verbose mode - [ preamble ] result:
* driver: pdftex
* paper: custom
* layout: <same size as paper>
* layoutoffset:(h,v)=(0.0pt,0.0pt)
* modes: includehead includefoot 
* h-part:(L,W,R)=(10.95003pt, 342.2953pt, 10.95003pt)
* v-part:(T,H,B)=(0.0pt, 273.14662pt, 0.0pt)
* \paperwidth=364.19536pt
* \paperheight=273.14662pt
* \textwidth=342.2953pt
* \textheight=244.6939pt
* \oddsidemargin=-61.31996pt
* \evensidemargin=-61.31996pt
* \topmargin=-72.26999pt
* \headheight=14.22636pt
* \headsep=0.0pt
* \topskip=11.0pt
* \footskip=14.22636pt
* \marginparwidth=4.0pt
* \marginparsep=10.0pt
* \columnsep=10.0pt
* \skip\footins=10.0pt plus 4.0pt minus 2.0pt
* \hoffset=0.0pt
* \voffset=0.0pt
* \mag=1000
* \@twocolumnfalse
* \@twosidefalse
* \@mparswitchfalse
* \@reversemarginfalse
* (1in=72.27pt=25.4mm, 1cm=28.453pt)


("C:\Users\jxu\AppData\Local\Programs\MiKTeX 2.9\tex/context/base/mkii\supp-pdf
.mkii"
[Loading MPS to PDF converter (version 2006.09.02).]
\scratchcounter=\count173
\scratchdimen=\dimen272
\scratchbox=\box80
\nofMPsegments=\count174
\nofMParguments=\count175
\everyMPshowfont=\toks47
\MPscratchCnt=\count176
\MPscratchDim=\dimen273
\MPnumerator=\count177
\makeMPintoPDFobject=\count178
\everyMPtoPDFconversion=\toks48
)
("C:\Users\jxu\AppData\Local\Programs\MiKTeX 2.9\tex/latex/epstopdf-pkg\epstopd
f-base.sty"
Package: epstopdf-base 2019/11/24 v2.7 Base part for package epstopdf

("C:\Users\jxu\AppData\Local\Programs\MiKTeX 2.9\tex/latex/oberdiek\grfext.sty"
Package: grfext 2016/05/16 v1.2 Manage graphics extensions (HO)
)
Package epstopdf-base Info: Redefining graphics rule for `.eps' on input line 4
42.
Package grfext Info: Graphics extension search list:
(grfext)             [.pdf,.png,.jpg,.mps,.jpeg,.jbig2,.jb2,.PDF,.PNG,.JPG,.JPE
G,.JBIG2,.JB2,.eps]
(grfext)             \AppendGraphicsExtensions on input line 460.
) ABD: EveryShipout initializing macros
\AtBeginShipoutBox=\box81
Package hyperref Info: Link coloring OFF on input line 124.

("C:\Users\jxu\AppData\Local\Programs\MiKTeX 2.9\tex/latex/hyperref\nameref.sty
"
Package: nameref 2019/09/16 v2.46 Cross-referencing by name of section

("C:\Users\jxu\AppData\Local\Programs\MiKTeX 2.9\tex/latex/oberdiek\refcount.st
y"
Package: refcount 2016/05/16 v3.5 Data extraction from label references (HO)
)
("C:\Users\jxu\AppData\Local\Programs\MiKTeX 2.9\tex/generic/oberdiek\gettitles
tring.sty"
Package: gettitlestring 2016/05/16 v1.5 Cleanup title references (HO)
)
\c@section@level=\count179
)
LaTeX Info: Redefining \ref on input line 124.
LaTeX Info: Redefining \pageref on input line 124.
LaTeX Info: Redefining \nameref on input line 124.
 (LearnBeamer.out) (LearnBeamer.out)
\@outlinefile=\write5
\openout5 = `LearnBeamer.out'.

LaTeX Font Info:    Overwriting symbol font `operators' in version `normal'
(Font)                  OT1/cmr/m/n --> OT1/cmss/m/n on input line 124.
LaTeX Font Info:    Overwriting symbol font `operators' in version `bold'
(Font)                  OT1/cmr/bx/n --> OT1/cmss/bx/n on input line 124.
\symnumbers=\mathgroup11
LaTeX Font Info:    Redeclaring symbol font `pureletters' on input line 124.
LaTeX Font Info:    Overwriting symbol font `pureletters' in version `normal'
(Font)                  OT1/mathkerncmss/m/sl --> OT1/cmss/m/it on input line 1
24.
LaTeX Font Info:    Overwriting symbol font `pureletters' in version `bold'
(Font)                  OT1/mathkerncmss/bx/sl --> OT1/cmss/m/it on input line 
124.
LaTeX Font Info:    Overwriting math alphabet `\mathrm' in version `normal'
(Font)                  OT1/cmss/m/n --> OT1/cmr/m/n on input line 124.
LaTeX Font Info:    Redeclaring math alphabet \mathbf on input line 124.
LaTeX Font Info:    Redeclaring math alphabet \mathsf on input line 124.
LaTeX Font Info:    Overwriting math alphabet `\mathsf' in version `normal'
(Font)                  OT1/cmss/m/n --> OT1/cmss/m/n on input line 124.
LaTeX Font Info:    Overwriting math alphabet `\mathsf' in version `bold'
(Font)                  OT1/cmss/bx/n --> OT1/cmss/m/n on input line 124.
LaTeX Font Info:    Redeclaring math alphabet \mathit on input line 124.
LaTeX Font Info:    Overwriting math alphabet `\mathit' in version `normal'
(Font)                  OT1/cmr/m/it --> OT1/cmss/m/it on input line 124.
LaTeX Font Info:    Overwriting math alphabet `\mathit' in version `bold'
(Font)                  OT1/cmr/bx/it --> OT1/cmss/m/it on input line 124.
LaTeX Font Info:    Redeclaring math alphabet \mathtt on input line 124.
LaTeX Font Info:    Overwriting math alphabet `\mathtt' in version `normal'
(Font)                  OT1/cmtt/m/n --> OT1/cmtt/m/n on input line 124.
LaTeX Font Info:    Overwriting math alphabet `\mathtt' in version `bold'
(Font)                  OT1/cmtt/m/n --> OT1/cmtt/m/n on input line 124.
LaTeX Font Info:    Overwriting symbol font `numbers' in version `bold'
(Font)                  OT1/cmss/m/n --> OT1/cmss/bx/n on input line 124.
LaTeX Font Info:    Overwriting symbol font `pureletters' in version `bold'
(Font)                  OT1/cmss/m/it --> OT1/cmss/bx/it on input line 124.
LaTeX Font Info:    Overwriting math alphabet `\mathrm' in version `bold'
(Font)                  OT1/cmss/bx/n --> OT1/cmr/bx/n on input line 124.
LaTeX Font Info:    Overwriting math alphabet `\mathbf' in version `bold'
(Font)                  OT1/cmss/bx/n --> OT1/cmss/bx/n on input line 124.
LaTeX Font Info:    Overwriting math alphabet `\mathsf' in version `bold'
(Font)                  OT1/cmss/m/n --> OT1/cmss/bx/n on input line 124.
LaTeX Font Info:    Overwriting math alphabet `\mathit' in version `bold'
(Font)                  OT1/cmss/m/it --> OT1/cmss/bx/it on input line 124.
LaTeX Font Info:    Overwriting math alphabet `\mathtt' in version `bold'
(Font)                  OT1/cmtt/m/n --> OT1/cmtt/bx/n on input line 124.
LaTeX Font Info:    Redeclaring symbol font `pureletters' on input line 124.
LaTeX Font Info:    Overwriting symbol font `pureletters' in version `normal'
(Font)                  OT1/cmss/m/it --> OT1/mathkerncmss/m/sl on input line 1
24.
LaTeX Font Info:    Overwriting symbol font `pureletters' in version `bold'
(Font)                  OT1/cmss/bx/it --> OT1/mathkerncmss/m/sl on input line 
124.
LaTeX Font Info:    Overwriting symbol font `pureletters' in version `bold'
(Font)                  OT1/mathkerncmss/m/sl --> OT1/mathkerncmss/bx/sl on inp
ut line 124.

("C:\Users\jxu\AppData\Local\Programs\MiKTeX 2.9\tex/latex/translator\translato
r-basic-dictionary-English.dict"
Dictionary: translator-basic-dictionary, Language: English 
)
("C:\Users\jxu\AppData\Local\Programs\MiKTeX 2.9\tex/latex/translator\translato
r-bibliography-dictionary-English.dict"
Dictionary: translator-bibliography-dictionary, Language: English 
)
("C:\Users\jxu\AppData\Local\Programs\MiKTeX 2.9\tex/latex/translator\translato
r-environment-dictionary-English.dict"
Dictionary: translator-environment-dictionary, Language: English 
)
("C:\Users\jxu\AppData\Local\Programs\MiKTeX 2.9\tex/latex/translator\translato
r-months-dictionary-English.dict"
Dictionary: translator-months-dictionary, Language: English 
)
("C:\Users\jxu\AppData\Local\Programs\MiKTeX 2.9\tex/latex/translator\translato
r-numbers-dictionary-English.dict"
Dictionary: translator-numbers-dictionary, Language: English 
)
("C:\Users\jxu\AppData\Local\Programs\MiKTeX 2.9\tex/latex/translator\translato
r-theorem-dictionary-English.dict"
Dictionary: translator-theorem-dictionary, Language: English 
) ABD: EverySelectfont initializing macros
LaTeX Info: Redefining \selectfont on input line 124.

(LearnBeamer.nav) [1

{C:/Users/jxu/AppData/Local/MiKTeX/2.9/pdftex/config/pdftex.map}] [2

]
LaTeX Font Info:    Trying to load font information for U+msa on input line 172
.

("C:\Users\jxu\AppData\Local\Programs\MiKTeX 2.9\tex/latex/amsfonts\umsa.fd"
File: umsa.fd 2013/01/14 v3.01 AMS symbols A
)
LaTeX Font Info:    Trying to load font information for U+msb on input line 172
.

("C:\Users\jxu\AppData\Local\Programs\MiKTeX 2.9\tex/latex/amsfonts\umsb.fd"
File: umsb.fd 2013/01/14 v3.01 AMS symbols B
)
LaTeX Font Info:    Trying to load font information for OT1+mathkerncmss on inp
ut line 172.

("C:\Users\jxu\AppData\Local\Programs\MiKTeX 2.9\tex/latex/sansmathaccent\ot1ma
thkerncmss.fd"
File: ot1mathkerncmss.fd 2013/03/27 Fontinst v1.933 font definitions for OT1/ma
thkerncmss.
)
<figures/happymoney.png, id=51, 1505.625pt x 1296.845pt>
File: figures/happymoney.png Graphic file (type png)
<use figures/happymoney.png>
Package pdftex.def Info: figures/happymoney.png  used on input line 172.
(pdftex.def)             Requested size: 150.57132pt x 129.6921pt.
<figures/sadmoney.jpg, id=53, 860.21375pt x 605.26125pt>
File: figures/sadmoney.jpg Graphic file (type jpg)
<use figures/sadmoney.jpg>
Package pdftex.def Info: figures/sadmoney.jpg  used on input line 172.
(pdftex.def)             Requested size: 172.03969pt x 121.0501pt.
 [3

 <./figures/happymoney.png>] [4


 <./figures/sadmoney.jpg>]
[5

]
<figures/pltexitgivenT-1.pdf, id=72, 469.755pt x 325.215pt>
File: figures/pltexitgivenT-1.pdf Graphic file (type pdf)
<use figures/pltexitgivenT-1.pdf>
Package pdftex.def Info: figures/pltexitgivenT-1.pdf  used on input line 184.
(pdftex.def)             Requested size: 290.9531pt x 186.78008pt.

Overfull \vbox (4.9873pt too high) detected at line 184
 []

[6

 <./figures/pltexitgivenT-1.pdf>] [7

] [8

] [9

] [10

] [11

] [12


]
<figures/funcf2.pdf, id=134, 462.52798pt x 346.89601pt>
File: figures/funcf2.pdf Graphic file (type pdf)
<use figures/funcf2.pdf>
Package pdftex.def Info: figures/funcf2.pdf  used on input line 373.
(pdftex.def)             Requested size: 167.72658pt x 125.7929pt.
<figures/funcf1.pdf, id=135, 462.52798pt x 346.89601pt>
File: figures/funcf1.pdf Graphic file (type pdf)
<use figures/funcf1.pdf>
Package pdftex.def Info: figures/funcf1.pdf  used on input line 373.
(pdftex.def)             Requested size: 167.72658pt x 125.7929pt.
<figures/probn2.pdf, id=136, 462.52798pt x 346.89601pt>
File: figures/probn2.pdf Graphic file (type pdf)
<use figures/probn2.pdf>
Package pdftex.def Info: figures/probn2.pdf  used on input line 373.
(pdftex.def)             Requested size: 167.72658pt x 125.7929pt.
<figures/probn1.pdf, id=137, 462.52798pt x 346.89601pt>
File: figures/probn1.pdf Graphic file (type pdf)
<use figures/probn1.pdf>
Package pdftex.def Info: figures/probn1.pdf  used on input line 373.
(pdftex.def)             Requested size: 167.72658pt x 125.7929pt.
<figures/cdft2.pdf, id=138, 462.52798pt x 346.89601pt>
File: figures/cdft2.pdf Graphic file (type pdf)
<use figures/cdft2.pdf>
Package pdftex.def Info: figures/cdft2.pdf  used on input line 373.
(pdftex.def)             Requested size: 167.72658pt x 125.7929pt.
<figures/cdft1.pdf, id=139, 462.52798pt x 346.89601pt>
File: figures/cdft1.pdf Graphic file (type pdf)
<use figures/cdft1.pdf>
Package pdftex.def Info: figures/cdft1.pdf  used on input line 373.
(pdftex.def)             Requested size: 167.72658pt x 125.7929pt.
<figures/pis2.pdf, id=140, 462.52798pt x 346.89601pt>
File: figures/pis2.pdf Graphic file (type pdf)
<use figures/pis2.pdf>
Package pdftex.def Info: figures/pis2.pdf  used on input line 373.
(pdftex.def)             Requested size: 167.72658pt x 125.7929pt.
<figures/pis1.pdf, id=141, 462.52798pt x 346.89601pt>
File: figures/pis1.pdf Graphic file (type pdf)
<use figures/pis1.pdf>
Package pdftex.def Info: figures/pis1.pdf  used on input line 373.
(pdftex.def)             Requested size: 167.72658pt x 125.7929pt.
 [13

 <./figures/funcf2.pdf> <./figures/funcf1.pdf>]
Overfull \vbox (0.91682pt too high) detected at line 373
 []

[14


 <./figures/probn2.pdf> <./figures/probn1.pdf

pdfTeX warning: pdflatex.exe (file ./figures/probn1.pdf): PDF inclusion: multip
le pdfs with page group included in a single page
>]
Overfull \vbox (3.20961pt too high) detected at line 373
 []

[15


 <./figures/cdft2.pdf> <./figures/cdft1.pdf>] [16


 <./figures/pis2.pdf> <./figures/pis1.pdf

pdfTeX warning: pdflatex.exe (file ./figures/pis1.pdf): PDF inclusion: multiple
 pdfs with page group included in a single page
>] [17

] [18


] [19

] [20

]
<figures/rouentry-1.pdf, id=327, 469.755pt x 325.215pt>
File: figures/rouentry-1.pdf Graphic file (type pdf)
<use figures/rouentry-1.pdf>
Package pdftex.def Info: figures/rouentry-1.pdf  used on input line 562.
(pdftex.def)             Requested size: 239.60567pt x 165.8773pt.
 [21

] [22


 <./figures/rouentry-1.pdf>]
<figures/rouentry-2.pdf, id=343, 469.755pt x 325.215pt>
File: figures/rouentry-2.pdf Graphic file (type pdf)
<use figures/rouentry-2.pdf>
Package pdftex.def Info: figures/rouentry-2.pdf  used on input line 653.
(pdftex.def)             Requested size: 154.01062pt x 99.23698pt.
<figures/MassThruTimePy.pdf, id=345, 462.52798pt x 346.89601pt>
File: figures/MassThruTimePy.pdf Graphic file (type pdf)
<use figures/MassThruTimePy.pdf>
Package pdftex.def Info: figures/MassThruTimePy.pdf  used on input line 653.
(pdftex.def)             Requested size: 134.05203pt x 100.54001pt.
<figures/rouentry-3.pdf, id=346, 469.755pt x 325.215pt>
File: figures/rouentry-3.pdf Graphic file (type pdf)
<use figures/rouentry-3.pdf>
Package pdftex.def Info: figures/rouentry-3.pdf  used on input line 653.
(pdftex.def)             Requested size: 154.01062pt x 99.23698pt.
File: figures/MassThruTimePy.pdf Graphic file (type pdf)
<use figures/MassThruTimePy.pdf>
Package pdftex.def Info: figures/MassThruTimePy.pdf  used on input line 653.
(pdftex.def)             Requested size: 134.05203pt x 100.54001pt.
<figures/massdist-1.pdf, id=348, 469.755pt x 325.215pt>
File: figures/massdist-1.pdf Graphic file (type pdf)
<use figures/massdist-1.pdf>
Package pdftex.def Info: figures/massdist-1.pdf  used on input line 653.
(pdftex.def)             Requested size: 154.01062pt x 99.23698pt.
<figures/AgeDensityGIvenTimePy.pdf, id=350, 462.52798pt x 346.89601pt>
File: figures/AgeDensityGIvenTimePy.pdf Graphic file (type pdf)
<use figures/AgeDensityGIvenTimePy.pdf>
Package pdftex.def Info: figures/AgeDensityGIvenTimePy.pdf  used on input line 
653.
(pdftex.def)             Requested size: 134.05203pt x 100.54001pt.
<figures/massdist-2.pdf, id=351, 469.755pt x 325.215pt>
File: figures/massdist-2.pdf Graphic file (type pdf)
<use figures/massdist-2.pdf>
Package pdftex.def Info: figures/massdist-2.pdf  used on input line 653.
(pdftex.def)             Requested size: 154.01062pt x 99.23698pt.
File: figures/AgeDensityGIvenTimePy.pdf Graphic file (type pdf)
<use figures/AgeDensityGIvenTimePy.pdf>
Package pdftex.def Info: figures/AgeDensityGIvenTimePy.pdf  used on input line 
653.
(pdftex.def)             Requested size: 134.05203pt x 100.54001pt.
 [23

 <./figures/rouentry-2.pdf> <./figures/MassThruTimePy.pdf

pdfTeX warning: pdflatex.exe (file ./figures/MassThruTimePy.pdf): PDF inclusion
: multiple pdfs with page group included in a single page
>] [24


 <./figures/rouentry-3.pdf>] [25


 <./figures/massdist-1.pdf> <./figures/AgeDensityGIvenTimePy.pdf

pdfTeX warning: pdflatex.exe (file ./figures/AgeDensityGIvenTimePy.pdf): PDF in
clusion: multiple pdfs with page group included in a single page
>] [26


 <./figures/massdist-2.pdf>] [27

] [28


] [29

]
<../../../../../Dropbox/LearningToTrade/figure/returnTS-1.pdf, id=509, 469.7600
3pt x 325.20998pt>
File: ../../../../../Dropbox/LearningToTrade/figure/returnTS-1.pdf Graphic file
 (type pdf)
<use ../../../../../Dropbox/LearningToTrade/figure/returnTS-1.pdf>
Package pdftex.def Info: ../../../../../Dropbox/LearningToTrade/figure/returnTS
-1.pdf  used on input line 707.
(pdftex.def)             Requested size: 169.4345pt x 104.38051pt.
<../../../../../Dropbox/LearningToTrade/figure/returnTS-2.pdf, id=511, 469.7600
3pt x 325.20998pt>
File: ../../../../../Dropbox/LearningToTrade/figure/returnTS-2.pdf Graphic file
 (type pdf)
<use ../../../../../Dropbox/LearningToTrade/figure/returnTS-2.pdf>
Package pdftex.def Info: ../../../../../Dropbox/LearningToTrade/figure/returnTS
-2.pdf  used on input line 707.
(pdftex.def)             Requested size: 169.4345pt x 104.38051pt.
 [30

 <../../../../../Dropbox/LearningToTrade/figure/returnTS-1.pdf> <../../../../..
/Dropbox/LearningToTrade/figure/returnTS-2.pdf>] [31

]
<../../../../../Dropbox/LearningToTrade/figure/trreturnquantile-1.pdf, id=542, 
469.76003pt x 325.20998pt>
File: ../../../../../Dropbox/LearningToTrade/figure/trreturnquantile-1.pdf Grap
hic file (type pdf)
<use ../../../../../Dropbox/LearningToTrade/figure/trreturnquantile-1.pdf>
Package pdftex.def Info: ../../../../../Dropbox/LearningToTrade/figure/trreturn
quantile-1.pdf  used on input line 749.
(pdftex.def)             Requested size: 239.60567pt x 147.61137pt.
 [32

 <../../../../../Dropbox/LearningToTrade/figure/trreturnquantile-1.pdf>]pdfTeX 
warning (ext4): destination with the same identifier (name{eq:rregress}) has be
en already used, duplicate ignored
<to be read again> 
                   \relax 
l.786 \end{frame}
                  [33

]
<../../../../../Dropbox/LearningToTrade/figure/ReturnbyAgeExit-1.pdf, id=565, 4
69.76003pt x 325.20998pt>
File: ../../../../../Dropbox/LearningToTrade/figure/ReturnbyAgeExit-1.pdf Graph
ic file (type pdf)
<use ../../../../../Dropbox/LearningToTrade/figure/ReturnbyAgeExit-1.pdf>
Package pdftex.def Info: ../../../../../Dropbox/LearningToTrade/figure/Returnby
AgeExit-1.pdf  used on input line 848.
(pdftex.def)             Requested size: 111.72821pt x 68.83035pt.

Overfull \hbox (2.19121pt too wide) in paragraph at lines 848--848
 [] 
 []

<../../../../../Dropbox/LearningToTrade/figure/ReturnbyAgeExit-2.pdf, id=567, 4
69.76003pt x 325.20998pt>
File: ../../../../../Dropbox/LearningToTrade/figure/ReturnbyAgeExit-2.pdf Graph
ic file (type pdf)
<use ../../../../../Dropbox/LearningToTrade/figure/ReturnbyAgeExit-2.pdf>
Package pdftex.def Info: ../../../../../Dropbox/LearningToTrade/figure/Returnby
AgeExit-2.pdf  used on input line 848.
(pdftex.def)             Requested size: 111.72821pt x 68.83035pt.

Overfull \hbox (2.19121pt too wide) in paragraph at lines 848--848
 [] 
 []

<../../../../../Dropbox/LearningToTrade/figure/ReturnbyAgeExit-3.pdf, id=569, 4
69.76003pt x 325.20998pt>
File: ../../../../../Dropbox/LearningToTrade/figure/ReturnbyAgeExit-3.pdf Graph
ic file (type pdf)
<use ../../../../../Dropbox/LearningToTrade/figure/ReturnbyAgeExit-3.pdf>
Package pdftex.def Info: ../../../../../Dropbox/LearningToTrade/figure/Returnby
AgeExit-3.pdf  used on input line 848.
(pdftex.def)             Requested size: 111.72821pt x 68.83035pt.

Overfull \hbox (2.19121pt too wide) in paragraph at lines 848--848
 [] 
 []

<../../../../../Dropbox/LearningToTrade/figure/ReturnbyAgeExit-4.pdf, id=571, 4
69.76003pt x 325.20998pt>
File: ../../../../../Dropbox/LearningToTrade/figure/ReturnbyAgeExit-4.pdf Graph
ic file (type pdf)
<use ../../../../../Dropbox/LearningToTrade/figure/ReturnbyAgeExit-4.pdf>
Package pdftex.def Info: ../../../../../Dropbox/LearningToTrade/figure/Returnby
AgeExit-4.pdf  used on input line 848.
(pdftex.def)             Requested size: 111.72821pt x 68.83035pt.

Overfull \hbox (2.19121pt too wide) in paragraph at lines 848--848
 [] 
 []

<../../../../../Dropbox/LearningToTrade/figure/ReturnbyAgeExit-5.pdf, id=573, 4
69.76003pt x 325.20998pt>
File: ../../../../../Dropbox/LearningToTrade/figure/ReturnbyAgeExit-5.pdf Graph
ic file (type pdf)
<use ../../../../../Dropbox/LearningToTrade/figure/ReturnbyAgeExit-5.pdf>
Package pdftex.def Info: ../../../../../Dropbox/LearningToTrade/figure/Returnby
AgeExit-5.pdf  used on input line 848.
(pdftex.def)             Requested size: 111.72821pt x 68.83035pt.

Overfull \hbox (2.19121pt too wide) in paragraph at lines 848--848
 [] 
 []

<../../../../../Dropbox/LearningToTrade/figure/ReturnbyAgeExit-6.pdf, id=575, 4
69.76003pt x 325.20998pt>
File: ../../../../../Dropbox/LearningToTrade/figure/ReturnbyAgeExit-6.pdf Graph
ic file (type pdf)
<use ../../../../../Dropbox/LearningToTrade/figure/ReturnbyAgeExit-6.pdf>
Package pdftex.def Info: ../../../../../Dropbox/LearningToTrade/figure/Returnby
AgeExit-6.pdf  used on input line 848.
(pdftex.def)             Requested size: 111.72821pt x 68.83035pt.

Overfull \hbox (2.19121pt too wide) in paragraph at lines 848--848
 [] 
 []

[34

 <../../../../../Dropbox/LearningToTrade/figure/ReturnbyAgeExit-1.pdf> <../../.
./../../Dropbox/LearningToTrade/figure/ReturnbyAgeExit-2.pdf> <../../../../../D
ropbox/LearningToTrade/figure/ReturnbyAgeExit-3.pdf> <../../../../../Dropbox/Le
arningToTrade/figure/ReturnbyAgeExit-4.pdf> <../../../../../Dropbox/LearningToT
rade/figure/ReturnbyAgeExit-5.pdf> <../../../../../Dropbox/LearningToTrade/figu
re/ReturnbyAgeExit-6.pdf>]pdfTeX warning (ext4): destination with the same iden
tifier (name{eq:rregress}) has been already used, duplicate ignored
<to be read again> 
                   \relax 
l.883 \end{frame}
                 pdfTeX warning (ext4): destination with the same identifier (n
ame{tab:regressrank}) has been already used, duplicate ignored
<to be read again> 
                   \relax 
l.883 \end{frame}
                  [35

]
<../../../../../Dropbox/LearningToTrade/figure/ExitTS-1.pdf, id=617, 469.76003p
t x 325.20998pt>
File: ../../../../../Dropbox/LearningToTrade/figure/ExitTS-1.pdf Graphic file (
type pdf)
<use ../../../../../Dropbox/LearningToTrade/figure/ExitTS-1.pdf>
Package pdftex.def Info: ../../../../../Dropbox/LearningToTrade/figure/ExitTS-1
.pdf  used on input line 915.
(pdftex.def)             Requested size: 111.72821pt x 68.83035pt.

Overfull \hbox (2.19121pt too wide) in paragraph at lines 915--915
 [] 
 []

<../../../../../Dropbox/LearningToTrade/figure/ExitTS-2.pdf, id=619, 469.76003p
t x 325.20998pt>
File: ../../../../../Dropbox/LearningToTrade/figure/ExitTS-2.pdf Graphic file (
type pdf)
<use ../../../../../Dropbox/LearningToTrade/figure/ExitTS-2.pdf>
Package pdftex.def Info: ../../../../../Dropbox/LearningToTrade/figure/ExitTS-2
.pdf  used on input line 915.
(pdftex.def)             Requested size: 111.72821pt x 68.83035pt.

Overfull \hbox (2.19121pt too wide) in paragraph at lines 915--915
 [] 
 []

<../../../../../Dropbox/LearningToTrade/figure/ExitTS-3.pdf, id=621, 469.76003p
t x 325.20998pt>
File: ../../../../../Dropbox/LearningToTrade/figure/ExitTS-3.pdf Graphic file (
type pdf)
<use ../../../../../Dropbox/LearningToTrade/figure/ExitTS-3.pdf>
Package pdftex.def Info: ../../../../../Dropbox/LearningToTrade/figure/ExitTS-3
.pdf  used on input line 915.
(pdftex.def)             Requested size: 111.72821pt x 68.83035pt.

Overfull \hbox (2.19121pt too wide) in paragraph at lines 915--915
 [] 
 []

[36

 <../../../../../Dropbox/LearningToTrade/figure/ExitTS-1.pdf> <../../../../../D
ropbox/LearningToTrade/figure/ExitTS-2.pdf> <../../../../../Dropbox/LearningToT
rade/figure/ExitTS-3.pdf>]pdfTeX warning (ext4): destination with the same iden
tifier (name{eq:rregress}) has been already used, duplicate ignored
<to be read again> 
                   \relax 
l.954 \end{frame}
                 pdfTeX warning (ext4): destination with the same identifier (n
ame{tab:regressrank}) has been already used, duplicate ignored
<to be read again> 
                   \relax 
l.954 \end{frame}
                 
Overfull \hbox (42.07323pt too wide) in paragraph at lines 954--954
 [] 
 []

[37

]
<figures/lstar.pdf, id=649, 462.52798pt x 346.89601pt>
File: figures/lstar.pdf Graphic file (type pdf)
<use figures/lstar.pdf>
Package pdftex.def Info: figures/lstar.pdf  used on input line 974.
(pdftex.def)             Requested size: 243.73419pt x 182.80183pt.
 [38

 <./figures/lstar.pdf>]
<figures/ldist1.pdf, id=670, 462.52798pt x 346.89601pt>
File: figures/ldist1.pdf Graphic file (type pdf)
<use figures/ldist1.pdf>
Package pdftex.def Info: figures/ldist1.pdf  used on input line 998.
(pdftex.def)             Requested size: 167.72658pt x 125.7929pt.
<figures/ldist2.pdf, id=671, 462.52798pt x 346.89601pt>
File: figures/ldist2.pdf Graphic file (type pdf)
<use figures/ldist2.pdf>
Package pdftex.def Info: figures/ldist2.pdf  used on input line 998.
(pdftex.def)             Requested size: 167.72658pt x 125.7929pt.
 [39

 <./figures/ldist1.pdf> <./figures/ldist2.pdf>]
<figures/pltexit-7.pdf, id=697, 469.74997pt x 325.20998pt>
File: figures/pltexit-7.pdf Graphic file (type pdf)
<use figures/pltexit-7.pdf>
Package pdftex.def Info: figures/pltexit-7.pdf  used on input line 1025.
(pdftex.def)             Requested size: 154.00883pt x 99.23698pt.
<figures/intensity.pdf, id=699, 462.52798pt x 346.89601pt>
File: figures/intensity.pdf Graphic file (type pdf)
<use figures/intensity.pdf>
Package pdftex.def Info: figures/intensity.pdf  used on input line 1025.
(pdftex.def)             Requested size: 142.76111pt x 107.07106pt.
 [40

 <./figures/pltexit-7.pdf> <./figures/intensity.pdf>]
<figures/rtn-1.pdf, id=723, 469.755pt x 325.215pt>
File: figures/rtn-1.pdf Graphic file (type pdf)
<use figures/rtn-1.pdf>
Package pdftex.def Info: figures/rtn-1.pdf  used on input line 1075.
(pdftex.def)             Requested size: 151.29822pt x 99.23698pt.
<figures/avgreturn.pdf, id=725, 462.52798pt x 346.89601pt>
File: figures/avgreturn.pdf Graphic file (type pdf)
<use figures/avgreturn.pdf>
Package pdftex.def Info: figures/avgreturn.pdf  used on input line 1075.
(pdftex.def)             Requested size: 142.76111pt x 107.07106pt.
<figures/rtn-2.pdf, id=726, 469.755pt x 325.215pt>
File: figures/rtn-2.pdf Graphic file (type pdf)
<use figures/rtn-2.pdf>
Package pdftex.def Info: figures/rtn-2.pdf  used on input line 1075.
(pdftex.def)             Requested size: 151.29822pt x 99.23698pt.
File: figures/avgreturn.pdf Graphic file (type pdf)
<use figures/avgreturn.pdf>
Package pdftex.def Info: figures/avgreturn.pdf  used on input line 1075.
(pdftex.def)             Requested size: 142.76111pt x 107.07106pt.
 [41

 <./figures/rtn-1.pdf> <./figures/avgreturn.pdf

pdfTeX warning: pdflatex.exe (file ./figures/avgreturn.pdf): PDF inclusion: mul
tiple pdfs with page group included in a single page
>] [42


 <./figures/rtn-2.pdf>]
File: figures/pltexitgivenT-1.pdf Graphic file (type pdf)
<use figures/pltexitgivenT-1.pdf>
Package pdftex.def Info: figures/pltexitgivenT-1.pdf  used on input line 1158.
(pdftex.def)             Requested size: 161.35703pt x 99.23698pt.

Overfull \hbox (3.28044pt too wide) in paragraph at lines 1158--1158
 [][][][][][] 
 []

<figures/exitgivenRT2.pdf, id=802, 462.52798pt x 346.89601pt>
File: figures/exitgivenRT2.pdf Graphic file (type pdf)
<use figures/exitgivenRT2.pdf>
Package pdftex.def Info: figures/exitgivenRT2.pdf  used on input line 1158.
(pdftex.def)             Requested size: 143.45276pt x 107.59306pt.
<figures/pltexit-2.pdf, id=803, 469.755pt x 325.215pt>
File: figures/pltexit-2.pdf Graphic file (type pdf)
<use figures/pltexit-2.pdf>
Package pdftex.def Info: figures/pltexit-2.pdf  used on input line 1158.
(pdftex.def)             Requested size: 146.89696pt x 99.23698pt.
<figures/ExitLikeliR.pdf, id=805, 462.52798pt x 346.89601pt>
File: figures/ExitLikeliR.pdf Graphic file (type pdf)
<use figures/ExitLikeliR.pdf>
Package pdftex.def Info: figures/ExitLikeliR.pdf  used on input line 1158.
(pdftex.def)             Requested size: 143.45276pt x 107.59306pt.
<figures/pltexit-3.pdf, id=806, 469.755pt x 325.215pt>
File: figures/pltexit-3.pdf Graphic file (type pdf)
<use figures/pltexit-3.pdf>
Package pdftex.def Info: figures/pltexit-3.pdf  used on input line 1158.
(pdftex.def)             Requested size: 146.89696pt x 99.23698pt.
File: figures/ExitLikeliR.pdf Graphic file (type pdf)
<use figures/ExitLikeliR.pdf>
Package pdftex.def Info: figures/ExitLikeliR.pdf  used on input line 1158.
(pdftex.def)             Requested size: 143.45276pt x 107.59306pt.
[43

 <./figures/exitgivenRT2.pdf>] [44


 <./figures/pltexit-2.pdf> <./figures/ExitLikeliR.pdf>] [45


 <./figures/pltexit-3.pdf>] [46

] (LearnBeamer.bbl) [47

 <C:/Users/jxu/AppData/Local/Programs/MiKTeX 2.9/tex/latex/beamer/beamericonart
icle.pdf>] [48

]
\tf@nav=\write6
\openout6 = `LearnBeamer.nav'.

\tf@toc=\write7
\openout7 = `LearnBeamer.toc'.

\tf@snm=\write8
\openout8 = `LearnBeamer.snm'.

Package atveryend Info: Empty hook `BeforeClearDocument' on input line 1182.
Package atveryend Info: Empty hook `AfterLastShipout' on input line 1182.
 (LearnBeamer.aux)
Package atveryend Info: Executing hook `AtVeryEndDocument' on input line 1182.
Package atveryend Info: Executing hook `AtEndAfterFileList' on input line 1182.

Package rerunfilecheck Info: File `LearnBeamer.out' has not changed.
(rerunfilecheck)             Checksum: 2823C406F8FB3F8C5FC60F5F817F8081;219.


LaTeX Warning: There were multiply-defined labels.

 ) 
Here is how much of TeX's memory you used:
 24370 strings out of 492484
 511802 string characters out of 3122507
 616415 words of memory out of 3000000
 27953 multiletter control sequences out of 15000+200000
 39420 words of font info for 121 fonts, out of 3000000 for 9000
 1141 hyphenation exceptions out of 8191
 58i,16n,71p,1136b,1595s stack positions out of 5000i,500n,10000p,200000b,50000s
 <C:\Users\jxu\AppData\Local\MiKTeX\2.9\fonts/pk/ljfour/jknappen/ec/dpi600\ec
so0800.pk> <C:\Users\jxu\AppData\Local\MiKTeX\2.9\fonts/pk/ljfour/jknappen/ec/d
pi657\ecso1000.pk><C:/Users/jxu/AppData/Local/Programs/MiKTeX 2.9/fonts/type1/p
ublic/amsfonts/cm/cmex10.pfb><C:/Users/jxu/AppData/Local/Programs/MiKTeX 2.9/fo
nts/type1/public/amsfonts/cm/cmmi10.pfb><C:/Users/jxu/AppData/Local/Programs/Mi
KTeX 2.9/fonts/type1/public/amsfonts/cm/cmmi12.pfb><C:/Users/jxu/AppData/Local/
Programs/MiKTeX 2.9/fonts/type1/public/amsfonts/cm/cmmi5.pfb><C:/Users/jxu/AppD
ata/Local/Programs/MiKTeX 2.9/fonts/type1/public/amsfonts/cm/cmmi6.pfb><C:/User
s/jxu/AppData/Local/Programs/MiKTeX 2.9/fonts/type1/public/amsfonts/cm/cmmi8.pf
b><C:/Users/jxu/AppData/Local/Programs/MiKTeX 2.9/fonts/type1/public/amsfonts/c
m/cmmi9.pfb><C:/Users/jxu/AppData/Local/Programs/MiKTeX 2.9/fonts/type1/public/
amsfonts/cm/cmmib10.pfb><C:/Users/jxu/AppData/Local/Programs/MiKTeX 2.9/fonts/t
ype1/public/amsfonts/cm/cmr10.pfb><C:/Users/jxu/AppData/Local/Programs/MiKTeX 2
.9/fonts/type1/public/amsfonts/cm/cmr12.pfb><C:/Users/jxu/AppData/Local/Program
s/MiKTeX 2.9/fonts/type1/public/amsfonts/cm/cmr17.pfb><C:/Users/jxu/AppData/Loc
al/Programs/MiKTeX 2.9/fonts/type1/public/amsfonts/cm/cmss10.pfb><C:/Users/jxu/
AppData/Local/Programs/MiKTeX 2.9/fonts/type1/public/amsfonts/cm/cmss12.pfb><C:
/Users/jxu/AppData/Local/Programs/MiKTeX 2.9/fonts/type1/public/amsfonts/cm/cms
s17.pfb><C:/Users/jxu/AppData/Local/Programs/MiKTeX 2.9/fonts/type1/public/amsf
onts/cm/cmss8.pfb><C:/Users/jxu/AppData/Local/Programs/MiKTeX 2.9/fonts/type1/p
ublic/amsfonts/cm/cmss9.pfb><C:/Users/jxu/AppData/Local/Programs/MiKTeX 2.9/fon
ts/type1/public/amsfonts/cm/cmssbx10.pfb><C:/Users/jxu/AppData/Local/Programs/M
iKTeX 2.9/fonts/type1/public/amsfonts/cm/cmssi10.pfb><C:/Users/jxu/AppData/Loca
l/Programs/MiKTeX 2.9/fonts/type1/public/amsfonts/cm/cmssi12.pfb><C:/Users/jxu/
AppData/Local/Programs/MiKTeX 2.9/fonts/type1/public/amsfonts/cm/cmssi8.pfb><C:
/Users/jxu/AppData/Local/Programs/MiKTeX 2.9/fonts/type1/public/amsfonts/cm/cms
si9.pfb><C:/Users/jxu/AppData/Local/Programs/MiKTeX 2.9/fonts/type1/public/amsf
onts/cm/cmsy10.pfb><C:/Users/jxu/AppData/Local/Programs/MiKTeX 2.9/fonts/type1/
public/amsfonts/cm/cmsy5.pfb><C:/Users/jxu/AppData/Local/Programs/MiKTeX 2.9/fo
nts/type1/public/amsfonts/cm/cmsy6.pfb><C:/Users/jxu/AppData/Local/Programs/MiK
TeX 2.9/fonts/type1/public/amsfonts/cm/cmsy8.pfb><C:/Users/jxu/AppData/Local/Pr
ograms/MiKTeX 2.9/fonts/type1/public/amsfonts/cm/cmsy9.pfb><C:/Users/jxu/AppDat
a/Local/Programs/MiKTeX 2.9/fonts/type1/public/amsfonts/cm/cmtt10.pfb><C:/Users
/jxu/AppData/Local/Programs/MiKTeX 2.9/fonts/type1/public/amsfonts/symbols/msbm
10.pfb>
Output written on LearnBeamer.pdf (48 pages, 4746926 bytes).
PDF statistics:
 1005 PDF objects out of 1200 (max. 8388607)
 108 named destinations out of 1000 (max. 500000)
 465 words of extra memory for PDF output out of 10000 (max. 10000000)

